
Processing plotDataHistsDPG_3years.C("/afs/cern.ch/work/w/wangjin/scratch2/ecal/2019/monitor/CMSSW_9_4_9/src/ecalDPG_Plots/options/ul3years/histDataOptions_mee_in_EB.txt")...
		Options parsed from file /afs/cern.ch/work/w/wangjin/scratch2/ecal/2019/monitor/CMSSW_9_4_9/src/ecalDPG_Plots/options/ul3years/histDataOptions_mee_in_EB.txt... 
		writeDir	=	/afs/cern.ch/work/w/wangjin/scratch2/ecal/2019/monitor/CMSSW_9_4_9/src/ecalDPG_Plots/plots/mee/ul3years_all/
		cmsYear	=	3years
		histName	=	mee_in_EB
		histYtitle	=	a.u.
		fitNsigmaR	=	1.
		fitNsigmaL	=	0.2
		np	=	1000.
		sc	=	10.
		integralScale	=	1.
		fitXmin	=	87.
		fitXmax	=	94.
		scaleSign	=	1.
		FFTn	=	50000
		data0	=	/afs/cern.ch/work/w/wangjin/scratch2/ecal/2019/monitor/CMSSW_9_4_9/src/ecalDPG_Plots/data/ul2016_all.root
		data0Legend	=	2016
		data0Color	=	#990000
		data0Marker	=	20
		data1	=	/afs/cern.ch/work/w/wangjin/scratch2/ecal/2019/monitor/CMSSW_9_4_9/src/ecalDPG_Plots/data/ul2017_all.root
		data1Legend	=	2017
		data1Color	=	#238b45
		data1Marker	=	21
		data2	=	/afs/cern.ch/work/w/wangjin/scratch2/ecal/2019/monitor/CMSSW_9_4_9/src/ecalDPG_Plots/data/ul2018_all.root
		data2Legend	=	2018
		data2Color	=	#023858
		data2Marker	=	22
		errorFillStyle	=	3005
		scale	=	100.
		legendX1	=	0.11
		legendX2	=	0.4
		legendY1	=	0.8
		legendY2	=	0.97
		legendNcols	=	1
		legendTextSize	=	0.04
		categoryTextSize	=	0.045
		categoryX	=	0.6
		categoryY	=	0.95
		lineWidth	=	2.
		markerSize	=	2.5
		statPrecision	=	1
		xMin	=	78.
		xMax	=	104.
		yMin	=	0.0001
		yMax	=	9.1
		canvasW	=	1800.
		canvasH	=	1600.
		pad2x1	=	0.
		pad2y1	=	0.
		pad2x2	=	1.
		pad2y2	=	0.945
		pad2axislabelsize	=	0.05
		pad2axisTitleSize	=	0.06
		pad2xtitleoffset	=	0.8
		pad2ytitleoffset	=	0.5
		pad2yMaxDigits	=	3
		pad2marginL	=	0.09
		pad2marginR	=	0.005
		pad2marginB	=	0.14
		pad2marginT	=	0.01
		nDivsPad2X	=	510
		nDivsPad2Y	=	510
		titleSize	=	0.05
		infoYearX	=	0.09
		infoRunX	=	0.72
		yearY	=	0.988
		runY	=	0.986
	Options parsed!
[772] Created directory: /afs/cern.ch/work/w/wangjin/scratch2/ecal/2019/monitor/CMSSW_9_4_9/src/ecalDPG_Plots/plots/mee/ul3years_all/
Plotting mee_in_EB
		Loading histogram mee_in_EB from file /afs/cern.ch/work/w/wangjin/scratch2/ecal/2019/monitor/CMSSW_9_4_9/src/ecalDPG_Plots/data/ul2016_all.root
			Success!
/////////////////////////////////////////////Floating Z width////////////////////////////////////////////////////////
/////////////////////////////////////////////Approximated width////////////////////////////////////////////////////////
fV 5
fG is 3.47728
fabrice approx : 1.64649 %
/////////////////////////////////////////////Fixed Z width////////////////////////////////////////////////////////
 FCN=0.00696443 FROM MINOS     STATUS=SUCCESSFUL    111 CALLS         473 TOTAL
                     EDM=2.06135e-07    STRATEGY= 1      ERROR MATRIX ACCURATE 
  EXT PARAMETER                                   STEP         FIRST   
  NO.   NAME      VALUE            ERROR          SIZE      DERIVATIVE 
   1  BW mean      9.05642e+01   5.05089e-01   2.34779e-03   1.54171e-04
   2  Gauss Width   1.44781e+00   6.62116e-01  -4.56440e-03  -8.52173e-05
   3  Integral     4.55279e+01   8.07377e+00   8.07377e+00   4.75866e-05
                               ERR DEF= 0.5
Preliminary 3years mee_in_EB mean is 90.5642
Preliminary 3years mee_in_EB sigma60 is 1.44781

		Loading histogram mee_in_EB from file /afs/cern.ch/work/w/wangjin/scratch2/ecal/2019/monitor/CMSSW_9_4_9/src/ecalDPG_Plots/data/ul2017_all.root
			Success!
/////////////////////////////////////////////Floating Z width////////////////////////////////////////////////////////
/////////////////////////////////////////////Approximated width////////////////////////////////////////////////////////
fV 5
fG is 3.47728
fabrice approx : 1.64741 %
/////////////////////////////////////////////Fixed Z width////////////////////////////////////////////////////////
 FCN=0.00583856 FROM MINOS     STATUS=SUCCESSFUL    123 CALLS         519 TOTAL
                     EDM=2.58205e-07    STRATEGY= 1      ERROR MATRIX ACCURATE 
  EXT PARAMETER                                   STEP         FIRST   
  NO.   NAME      VALUE            ERROR          SIZE      DERIVATIVE 
   1  BW mean      9.04946e+01   5.76183e-01   6.37964e-04   8.91462e-05
   2  Gauss Width   1.54780e+00   7.31497e-01  -1.39472e-03  -1.31454e-05
   3  Integral     4.51852e+01   8.81245e+00   8.81245e+00  -5.51549e-07
                               ERR DEF= 0.5
Ultra Legacy 3years mee_in_EB mean is 90.4946
Ultra Legacy 3years mee_in_EB sigma60 is 1.5478

		Loading histogram mee_in_EB from file /afs/cern.ch/work/w/wangjin/scratch2/ecal/2019/monitor/CMSSW_9_4_9/src/ecalDPG_Plots/data/ul2018_all.root
			Success!
/////////////////////////////////////////////Floating Z width////////////////////////////////////////////////////////
/////////////////////////////////////////////Approximated width////////////////////////////////////////////////////////
fV 5
fG is 3.47728
fabrice approx : 1.64742 %
/////////////////////////////////////////////Fixed Z width////////////////////////////////////////////////////////
 FCN=0.00526563 FROM MINOS     STATUS=SUCCESSFUL    128 CALLS         520 TOTAL
                     EDM=2.77807e-07    STRATEGY= 1      ERROR MATRIX ACCURATE 
  EXT PARAMETER                                   STEP         FIRST   
  NO.   NAME      VALUE            ERROR          SIZE      DERIVATIVE 
   1  BW mean      9.05567e+01   5.57147e-01   5.51312e-04   3.81355e-05
   2  Gauss Width   1.54935e+00   7.23059e-01  -1.09162e-03  -2.43437e-05
   3  Integral     4.52049e+01   8.60608e+00   8.60608e+00  -4.73003e-07
                               ERR DEF= 0.5
Ultra Legacy 3years mee_in_EB mean is 90.5567
Ultra Legacy 3years mee_in_EB sigma60 is 1.54935

