
Processing plotDataHistsDPG.C("/afs/cern.ch/work/w/wangjin/scratch2/ecal/2019/monitor/CMSSW_9_4_9/src/ecalDPG_Plots/options/ul2017/histDataOptions_mee_in_EE.txt")...
		Options parsed from file /afs/cern.ch/work/w/wangjin/scratch2/ecal/2019/monitor/CMSSW_9_4_9/src/ecalDPG_Plots/options/ul2017/histDataOptions_mee_in_EE.txt... 
		writeDir	=	/afs/cern.ch/work/w/wangjin/scratch2/ecal/2019/monitor/CMSSW_9_4_9/src/ecalDPG_Plots/plots/mee/2017/ul2017_eopPNEB_eflowEB_normalized_all/
		cmsYear	=	2017
		histName	=	mee_in_EE
		histYtitle	=	a.u.
		fitNsigmaR	=	1.
		fitNsigmaL	=	0.2
		np	=	1000.
		sc	=	10.
		integralScale	=	1.
		fitXmin	=	87.
		fitXmax	=	94.
		scaleSign	=	1.
		FFTn	=	50000
		data0	=	/afs/cern.ch/work/w/wangjin/scratch2/ecal/2019/monitor/CMSSW_9_4_9/src/ecalDPG_Plots/data/ul2017_all.root
		data0Legend	=	UL2017
		data0Color	=	#990000
		data0Marker	=	21
		data1	=	/afs/cern.ch/work/w/wangjin/scratch2/ecal/2019/monitor/CMSSW_9_4_9/src/ecalDPG_Plots/data/ul2017_eopPNEB_eflowEB_normalized_all.root
		data1Legend	=	UL2017 2fbNorm
		data1Color	=	#238b45
		data1Marker	=	20
		errorFillStyle	=	3005
		scale	=	100.
		legendX1	=	0.11
		legendX2	=	0.4
		legendY1	=	0.8
		legendY2	=	0.97
		legendNcols	=	1
		legendTextSize	=	0.04
		categoryTextSize	=	0.045
		categoryX	=	0.6
		categoryY	=	0.95
		lineWidth	=	2.
		markerSize	=	2.5
		statPrecision	=	1
		xMin	=	78.
		xMax	=	104.
		yMin	=	0.0001
		yMax	=	9.1
		canvasW	=	1800.
		canvasH	=	1600.
		pad2x1	=	0.
		pad2y1	=	0.
		pad2x2	=	1.
		pad2y2	=	0.945
		pad2axislabelsize	=	0.05
		pad2axisTitleSize	=	0.06
		pad2xtitleoffset	=	0.8
		pad2ytitleoffset	=	0.5
		pad2yMaxDigits	=	3
		pad2marginL	=	0.09
		pad2marginR	=	0.005
		pad2marginB	=	0.14
		pad2marginT	=	0.01
		nDivsPad2X	=	510
		nDivsPad2Y	=	510
		titleSize	=	0.05
		infoYearX	=	0.09
		infoRunX	=	0.838
		yearY	=	0.988
		runY	=	0.992
	Options parsed!
[772] Created directory: /afs/cern.ch/work/w/wangjin/scratch2/ecal/2019/monitor/CMSSW_9_4_9/src/ecalDPG_Plots/plots/mee/2017/ul2017_eopPNEB_eflowEB_normalized_all/
Plotting mee_in_EE
		Loading histogram mee_in_EE from file /afs/cern.ch/work/w/wangjin/scratch2/ecal/2019/monitor/CMSSW_9_4_9/src/ecalDPG_Plots/data/ul2017_all.root
			Success!
/////////////////////////////////////////////Floating Z width////////////////////////////////////////////////////////
/////////////////////////////////////////////Approximated width////////////////////////////////////////////////////////
fV 7
fG is 5.54579
fabrice approx : 2.62188 %
/////////////////////////////////////////////Fixed Z width////////////////////////////////////////////////////////
 FCN=0.00047476 FROM MINOS     STATUS=PROBLEMS      428 CALLS        1408 TOTAL
                     EDM=9.80398e-07    STRATEGY= 1      ERROR MATRIX ACCURATE 
  EXT PARAMETER                                   STEP         FIRST   
  NO.   NAME      VALUE            ERROR          SIZE      DERIVATIVE 
   1  BW mean      9.04550e+01   1.69952e+00  -2.81081e-03  -2.68101e-04
   2  Gauss Width   2.49782e+00   1.81421e+00   4.48971e-03  -1.88336e-04
   3  Integral     4.69242e+01   2.20908e+01   2.20908e+01   6.88296e-06
                               ERR DEF= 0.5
Preliminary 2017 mee_in_EE mean is 90.455
Preliminary 2017 mee_in_EE sigma60 is 2.49782

		Loading histogram mee_in_EE from file /afs/cern.ch/work/w/wangjin/scratch2/ecal/2019/monitor/CMSSW_9_4_9/src/ecalDPG_Plots/data/ul2017_eopPNEB_eflowEB_normalized_all.root
			Success!
/////////////////////////////////////////////Floating Z width////////////////////////////////////////////////////////
/////////////////////////////////////////////Approximated width////////////////////////////////////////////////////////
fV 9
fG is 7.5776
fabrice approx : 3.6551 %
/////////////////////////////////////////////Fixed Z width////////////////////////////////////////////////////////
 FCN=0.000537857 FROM MINOS     STATUS=PROBLEMS      422 CALLS        1866 TOTAL
                     EDM=5.97466e-08    STRATEGY= 1      ERROR MATRIX ACCURATE 
  EXT PARAMETER                                   STEP         FIRST   
  NO.   NAME      VALUE            ERROR          SIZE      DERIVATIVE 
   1  BW mean      8.90319e+01   1.87789e+00  -2.99180e-03   1.76380e-05
   2  Gauss Width   3.24584e+00   2.12399e+00   5.13340e-03  -6.83462e-06
   3  Integral     4.52807e+01   2.00536e+01   2.00536e+01  -6.51453e-05
                               ERR DEF= 0.5
Ultra Legacy 2017 mee_in_EE mean is 89.0319
Ultra Legacy 2017 mee_in_EE sigma60 is 3.24584

