
Processing plotDataHistsDPG.C("/afs/cern.ch/work/w/wangjin/scratch2/ecal/2019/monitor/CMSSW_9_4_9/src/ecalDPG_Plots/options/ul2017/histDataOptions_mee_in_EB_LowR92.txt")...
		Options parsed from file /afs/cern.ch/work/w/wangjin/scratch2/ecal/2019/monitor/CMSSW_9_4_9/src/ecalDPG_Plots/options/ul2017/histDataOptions_mee_in_EB_LowR92.txt... 
		writeDir	=	/afs/cern.ch/work/w/wangjin/scratch2/ecal/2019/monitor/CMSSW_9_4_9/src/ecalDPG_Plots/plots/mee/2017/ul2017_eopPNEB_eflowEB_normalized_all/
		cmsYear	=	2017
		histName	=	mee_in_EB_LowR92
		histYtitle	=	a.u.
		fitNsigmaR	=	1.
		fitNsigmaL	=	0.2
		np	=	1000.
		sc	=	10.
		integralScale	=	1.
		fitXmin	=	87.
		fitXmax	=	94.
		scaleSign	=	1.
		FFTn	=	50000
		data0	=	/afs/cern.ch/work/w/wangjin/scratch2/ecal/2019/monitor/CMSSW_9_4_9/src/ecalDPG_Plots/data/ul2017_all.root
		data0Legend	=	UL2017
		data0Color	=	#990000
		data0Marker	=	21
		data1	=	/afs/cern.ch/work/w/wangjin/scratch2/ecal/2019/monitor/CMSSW_9_4_9/src/ecalDPG_Plots/data/ul2017_eopPNEB_eflowEB_normalized_all.root
		data1Legend	=	UL2017 2fbNorm
		data1Color	=	#238b45
		data1Marker	=	20
		errorFillStyle	=	3005
		scale	=	100.
		legendX1	=	0.11
		legendX2	=	0.4
		legendY1	=	0.8
		legendY2	=	0.97
		legendNcols	=	1
		legendTextSize	=	0.04
		categoryTextSize	=	0.045
		categoryX	=	0.6
		categoryY	=	0.95
		lineWidth	=	2.
		markerSize	=	2.5
		statPrecision	=	1
		xMin	=	78.
		xMax	=	104.
		yMin	=	0.0001
		yMax	=	9.1
		canvasW	=	1800.
		canvasH	=	1600.
		pad2x1	=	0.
		pad2y1	=	0.
		pad2x2	=	1.
		pad2y2	=	0.945
		pad2axislabelsize	=	0.05
		pad2axisTitleSize	=	0.06
		pad2xtitleoffset	=	0.8
		pad2ytitleoffset	=	0.5
		pad2yMaxDigits	=	3
		pad2marginL	=	0.09
		pad2marginR	=	0.005
		pad2marginB	=	0.14
		pad2marginT	=	0.01
		nDivsPad2X	=	510
		nDivsPad2Y	=	510
		titleSize	=	0.05
		infoYearX	=	0.09
		infoRunX	=	0.838
		yearY	=	0.988
		runY	=	0.992
	Options parsed!
[772] Created directory: /afs/cern.ch/work/w/wangjin/scratch2/ecal/2019/monitor/CMSSW_9_4_9/src/ecalDPG_Plots/plots/mee/2017/ul2017_eopPNEB_eflowEB_normalized_all/
Plotting mee_in_EB_LowR92
Modify preliminary histname from mee_in_EB_LowR92 to mee_in_EB_LowR9
		Loading histogram mee_in_EB_LowR9 from file /afs/cern.ch/work/w/wangjin/scratch2/ecal/2019/monitor/CMSSW_9_4_9/src/ecalDPG_Plots/data/ul2017_all.root
			Success!
/////////////////////////////////////////////Floating Z width////////////////////////////////////////////////////////
/////////////////////////////////////////////Approximated width////////////////////////////////////////////////////////
fV 6
fG is 4.51925
fabrice approx : 2.15093 %
/////////////////////////////////////////////Fixed Z width////////////////////////////////////////////////////////
 FCN=0.00441148 FROM MINOS     STATUS=SUCCESSFUL    144 CALLS         676 TOTAL
                     EDM=4.29366e-08    STRATEGY= 1      ERROR MATRIX ACCURATE 
  EXT PARAMETER                                   STEP         FIRST   
  NO.   NAME      VALUE            ERROR          SIZE      DERIVATIVE 
   1  BW mean      9.01403e+01   7.28668e-01   1.84695e-03   3.84949e-04
   2  Gauss Width   1.92190e+00   8.95741e-01  -4.16250e-03  -9.89393e-05
   3  Integral     4.52988e+01   1.00437e+01   1.00437e+01  -2.05611e-05
                               ERR DEF= 0.5
Preliminary 2017 mee_in_EB_LowR92 mean is 90.1403
Preliminary 2017 mee_in_EB_LowR92 sigma60 is 1.9219

		Loading histogram mee_in_EB_LowR92 from file /afs/cern.ch/work/w/wangjin/scratch2/ecal/2019/monitor/CMSSW_9_4_9/src/ecalDPG_Plots/data/ul2017_eopPNEB_eflowEB_normalized_all.root
			Success!
/////////////////////////////////////////////Floating Z width////////////////////////////////////////////////////////
/////////////////////////////////////////////Approximated width////////////////////////////////////////////////////////
fV 6
fG is 4.51925
fabrice approx : 2.15696 %
/////////////////////////////////////////////Fixed Z width////////////////////////////////////////////////////////
 FCN=0.00238759 FROM MINOS     STATUS=SUCCESSFUL    171 CALLS         657 TOTAL
                     EDM=4.78562e-09    STRATEGY= 1      ERROR MATRIX ACCURATE 
  EXT PARAMETER                                   STEP         FIRST   
  NO.   NAME      VALUE            ERROR          SIZE      DERIVATIVE 
   1  BW mean      8.98421e+01   8.36765e-01   5.95879e-03   9.26946e-04
   2  Gauss Width   1.86732e+00   9.98498e-01  -1.02138e-02  -1.09269e-03
   3  Integral     4.49177e+01   1.17550e+01   1.17550e+01  -2.65635e-05
                               ERR DEF= 0.5
Ultra Legacy 2017 mee_in_EB_LowR92 mean is 89.8421
Ultra Legacy 2017 mee_in_EB_LowR92 sigma60 is 1.86732

