/eos/user/z/zhjie/quickECALMonitor/

Processing ntupleDumper.cxx("/eos/user/z/zhjie/quickECALMonitor/", "Data_2023_v5_goldenjson_mcratio",1, "inputs/Run3_timebins_all.root","inputs/Run3.dat")...
chuw/eos/user/z/zhjie/quickECALMonitor/inputs/Data_2023_v5_goldenjson_mcratio.txt/eos/user/z/zhjie/quickECALMonitor/outputs/Data_2023_v5_goldenjson_mcratio//eos/user/z/zhjie/quickECALMonitor/outputs/Data_2023_v5_goldenjson_mcratio/Data_2023_v5_goldenjson_mcratio_all.root
[52]	 Ntuples list: /eos/user/z/zhjie/quickECALMonitor/inputs/Data_2023_v5_goldenjson_mcratio.txt
	 Output file: /eos/user/z/zhjie/quickECALMonitor/outputs/Data_2023_v5_goldenjson_mcratio/Data_2023_v5_goldenjson_mcratio_all.root
	 Events PerBin: 10000
	 Time bins file: inputs/Run3_timebins_all.root
	 Lumi file: inputs/Run3.dat


[59]Ntuples to analyse :/eos/user/z/zhjie/Plot/quickECALMonitor/jsonFilter/ntuple_2023.root
	/eos/user/z/zhjie/Plot/quickECALMonitor/jsonFilter/ntuple_2023.root
[68]recal Tree to analyse :
[237] Checking time limits...
 debug1/eos/user/z/zhjie/Plot/quickECALMonitor/jsonFilter/ntuple_2023.root
 debug0/eos/user/z/zhjie/Plot/quickECALMonitor/jsonFilter/ntuple_2023.root
 debug0/eos/user/z/zhjie/Plot/quickECALMonitor/jsonFilter/ntuple_2023.root
 debug0
[258]/eos/user/z/zhjie/Plot/quickECALMonitor/jsonFilter/ntuple_2023.root : 2023-04-28 00:25:54 - 2023-07-17 01:00:04
[265] Begin time : 2023-04-28 00:25:54 (1682634354) End time : 2023-07-17 01:00:04 (1689548404)
 debug1
[270] Reading lumi file...
[298] Fill info:
	Time			Fill	Luminosity[/pb]
	2023-04-21 18:58:03	8637	0.000000
	2023-04-22 05:35:22	8639	0.000000
	2023-04-22 22:29:16	8642	0.000000
	2023-04-23 13:49:23	8644	0.000000
	2023-04-24 02:32:06	8645	0.000000
	2023-04-25 03:42:10	8654	0.000000
	2023-04-27 23:50:24	8675	0.000000
	2023-04-29 09:43:19	8685	0.000000
	2023-04-29 20:16:33	8686	0.000000
	2023-04-30 10:56:00	8690	0.000000
	2023-04-30 20:24:25	8691	0.000000
	2023-05-01 03:02:13	8692	0.000000
	2023-05-01 13:19:49	8695	0.000000
	2023-05-02 00:15:20	8696	0.000000
	2023-05-03 02:55:37	8701	0.000000
	2023-05-05 13:38:14	8723	0.000000
	2023-05-05 22:58:17	8724	0.000000
	2023-05-06 05:51:04	8725	0.000000
	2023-05-06 13:22:21	8728	0.000000
	2023-05-06 20:08:58	8729	0.000000
	2023-05-07 09:23:37	8730	0.000000
	2023-05-07 22:42:10	8731	0.000000
	2023-05-08 23:45:49	8736	0.000001
	2023-05-09 18:06:01	8738	0.000000
	2023-05-10 05:36:43	8739	0.000000
	2023-05-10 21:23:09	8741	0.000000
	2023-05-11 11:40:12	8746	0.000000
	2023-05-12 03:29:48	8750	0.000000
	2023-05-12 16:37:47	8754	0.000001
	2023-05-14 12:32:46	8771	0.000001
	2023-05-15 07:37:44	8773	0.000000
	2023-05-16 00:20:49	8775	0.000000
	2023-05-16 14:46:05	8778	0.000000
	2023-05-17 04:48:47	8782	0.000000
	2023-05-18 00:24:20	8784	0.000000
	2023-05-18 14:44:56	8786	0.000001
	2023-05-19 19:39:55	8794	0.000000
	2023-05-20 05:15:54	8796	0.000000
	2023-05-21 05:46:52	8804	0.000000
	2023-05-21 16:39:17	8807	0.000000
	2023-05-22 04:54:28	8811	0.000000
	2023-05-22 19:57:53	8816	0.000000
	2023-05-23 02:05:48	8817	0.000001
	2023-05-24 01:37:24	8821	0.000001
	2023-05-24 19:32:12	8822	0.000001
	2023-05-30 19:28:11	8850	0.000000
	2023-05-31 02:14:32	8853	0.000000
	2023-06-01 15:07:09	8858	0.000000
	2023-06-02 00:03:54	8860	0.000001
	2023-06-02 18:02:12	8863	0.000000
	2023-06-03 02:21:23	8865	0.000000
	2023-06-03 14:49:45	8866	0.000000
	2023-06-04 01:48:27	8870	0.000000
	2023-06-04 16:13:56	8872	0.000000
	2023-06-04 21:23:36	8873	0.000001
	2023-06-05 15:05:43	8877	0.000000
	2023-06-06 05:47:15	8880	0.000001
	2023-06-07 00:34:56	8882	0.000001
	2023-06-08 02:28:01	8885	0.000001
	2023-06-08 23:30:58	8887	0.000000
	2023-06-09 15:09:54	8891	0.000001
	2023-06-10 09:12:44	8894	0.000001
	2023-06-11 02:03:05	8895	0.000000
	2023-06-11 13:26:12	8896	0.000001
	2023-06-13 04:27:34	8901	0.000000
	2023-06-28 12:30:57	8997	0.000000
	2023-06-28 22:17:48	8999	0.000000
	2023-06-30 13:16:10	9007	0.000000
	2023-07-01 09:14:34	9014	0.000000
	2023-07-01 14:26:27	9016	0.000000
	2023-07-01 18:44:46	9017	0.000000
	2023-07-02 05:23:16	9019	0.000000
	2023-07-02 18:21:04	9022	0.000000
	2023-07-03 01:59:00	9023	0.000000
	2023-07-04 01:30:01	9029	0.000001
	2023-07-04 18:56:34	9031	0.000001
	2023-07-05 13:03:53	9035	0.000001
	2023-07-06 03:17:46	9036	0.000001
	2023-07-07 13:09:05	9043	0.000000
	2023-07-08 06:06:47	9044	0.000001
	2023-07-08 21:40:44	9045	0.000001
	2023-07-09 12:56:49	9046	0.000000
	2023-07-09 21:08:00	9049	0.000001
	2023-07-10 14:29:05	9050	0.000000
	2023-07-11 05:19:32	9055	0.000000
	2023-07-11 09:20:10	9056	0.000000
	2023-07-11 11:37:53	9057	0.000001
	2023-07-12 01:55:07	9059	0.000000
	2023-07-12 14:36:48	9062	0.000000
	2023-07-12 19:38:53	9063	0.000001
	2023-07-14 09:40:22	9066	0.000000
	2023-07-15 03:10:11	9067	0.000000
	2023-07-15 07:13:30	9068	0.000001
	2023-07-15 19:20:26	9070	0.000001
[343] Lumisection times read from file inputs/Run3.dat
 debug2
[410]Making fine-binned time histograms... 
 debug3
[102] Skimming ntuple /eos/user/z/zhjie/Plot/quickECALMonitor/jsonFilter/ntuple_2023.root
[364] Optimising time bins for EB
[406]EB: Number of bins = 706
[364] Optimising time bins for EE
[406]EE: Number of bins = 120
[117] Time bins written to file inputs/Run3_timebins_all.root
cat EB
EB  has  706 bins
[448] # of bins  in EB: 707
		events= 7039292.000000
[483]TH1D created: massraio_in_EB
[474]TH2D created: massraio_vs_time_in_EB
cat EE
EE  has  120 bins
[448] # of bins  in EE: 121
		events= 1176245.000000
[483]TH1D created: massraio_in_EE
[474]TH2D created: massraio_vs_time_in_EE
	Added ntuple /eos/user/z/zhjie/Plot/quickECALMonitor/jsonFilter/ntuple_2023.root
[581] Analysing ntuples 
[665] Histograms saved to file: /eos/user/z/zhjie/quickECALMonitor/outputs/Data_2023_v5_goldenjson_mcratio/Data_2023_v5_goldenjson_mcratio_all.root
[121] Making time evolution graphs from file /eos/user/z/zhjie/quickECALMonitor/outputs/Data_2023_v5_goldenjson_mcratio/Data_2023_v5_goldenjson_mcratio_all.root
[139] Found TH2D massraio_vs_time_in_EB
[141] 	 Making median vs time graph...
Making TGraphAsymmErrors for massraio_vs_time_in_EB (median) with 200 resamplings, 100.000000 % width, and 95.000000 % confidence
201
bin 1 of 706
bin 2 of 706
bin 3 of 706
bin 4 of 706
bin 5 of 706
bin 6 of 706
bin 7 of 706
bin 8 of 706
bin 9 of 706
bin 10 of 706
bin 11 of 706
bin 12 of 706
bin 13 of 706
bin 14 of 706
bin 15 of 706
bin 16 of 706
bin 17 of 706
bin 18 of 706
bin 19 of 706
bin 20 of 706
bin 21 of 706
bin 22 of 706
bin 23 of 706
bin 24 of 706
bin 25 of 706
bin 26 of 706
bin 27 of 706
bin 28 of 706
bin 29 of 706
bin 30 of 706
bin 31 of 706
bin 32 of 706
bin 33 of 706
bin 34 of 706
bin 35 of 706
bin 36 of 706
bin 37 of 706
bin 38 of 706
bin 39 of 706
bin 40 of 706
bin 41 of 706
bin 42 of 706
bin 43 of 706
bin 44 of 706
bin 45 of 706
bin 46 of 706
bin 47 of 706
bin 48 of 706
bin 49 of 706
bin 50 of 706
bin 51 of 706
bin 52 of 706
bin 53 of 706
bin 54 of 706
bin 55 of 706
bin 56 of 706
bin 57 of 706
bin 58 of 706
bin 59 of 706
bin 60 of 706
bin 61 of 706
bin 62 of 706
bin 63 of 706
bin 64 of 706
bin 65 of 706
bin 66 of 706
bin 67 of 706
bin 68 of 706
bin 69 of 706
bin 70 of 706
bin 71 of 706
bin 72 of 706
bin 73 of 706
bin 74 of 706
bin 75 of 706
bin 76 of 706
bin 77 of 706
bin 78 of 706
bin 79 of 706
bin 80 of 706
bin 81 of 706
bin 82 of 706
bin 83 of 706
bin 84 of 706
bin 85 of 706
bin 86 of 706
bin 87 of 706
bin 88 of 706
bin 89 of 706
bin 90 of 706
bin 91 of 706
bin 92 of 706
bin 93 of 706
bin 94 of 706
bin 95 of 706
bin 96 of 706
bin 97 of 706
bin 98 of 706
bin 99 of 706
bin 100 of 706
bin 101 of 706
bin 102 of 706
bin 103 of 706
bin 104 of 706
bin 105 of 706
bin 106 of 706
bin 107 of 706
bin 108 of 706
bin 109 of 706
bin 110 of 706
bin 111 of 706
bin 112 of 706
bin 113 of 706
bin 114 of 706
bin 115 of 706
bin 116 of 706
bin 117 of 706
bin 118 of 706
bin 119 of 706
bin 120 of 706
bin 121 of 706
bin 122 of 706
bin 123 of 706
bin 124 of 706
bin 125 of 706
bin 126 of 706
bin 127 of 706
bin 128 of 706
bin 129 of 706
bin 130 of 706
bin 131 of 706
bin 132 of 706
bin 133 of 706
bin 134 of 706
bin 135 of 706
bin 136 of 706
bin 137 of 706
bin 138 of 706
bin 139 of 706
bin 140 of 706
bin 141 of 706
bin 142 of 706
bin 143 of 706
bin 144 of 706
bin 145 of 706
bin 146 of 706
bin 147 of 706
bin 148 of 706
bin 149 of 706
bin 150 of 706
bin 151 of 706
bin 152 of 706
bin 153 of 706
bin 154 of 706
bin 155 of 706
bin 156 of 706
bin 157 of 706
bin 158 of 706
bin 159 of 706
bin 160 of 706
bin 161 of 706
bin 162 of 706
bin 163 of 706
bin 164 of 706
bin 165 of 706
bin 166 of 706
bin 167 of 706
bin 168 of 706
bin 169 of 706
bin 170 of 706
bin 171 of 706
bin 172 of 706
bin 173 of 706
bin 174 of 706
bin 175 of 706
bin 176 of 706
bin 177 of 706
bin 178 of 706
bin 179 of 706
bin 180 of 706
bin 181 of 706
bin 182 of 706
bin 183 of 706
bin 184 of 706
bin 185 of 706
bin 186 of 706
bin 187 of 706
bin 188 of 706
bin 189 of 706
bin 190 of 706
bin 191 of 706
bin 192 of 706
bin 193 of 706
bin 194 of 706
bin 195 of 706
bin 196 of 706
bin 197 of 706
bin 198 of 706
bin 199 of 706
bin 200 of 706
bin 201 of 706
bin 202 of 706
bin 203 of 706
bin 204 of 706
bin 205 of 706
bin 206 of 706
bin 207 of 706
bin 208 of 706
bin 209 of 706
bin 210 of 706
bin 211 of 706
bin 212 of 706
bin 213 of 706
bin 214 of 706
bin 215 of 706
bin 216 of 706
bin 217 of 706
bin 218 of 706
bin 219 of 706
bin 220 of 706
bin 221 of 706
bin 222 of 706
bin 223 of 706
bin 224 of 706
bin 225 of 706
bin 226 of 706
bin 227 of 706
bin 228 of 706
bin 229 of 706
bin 230 of 706
bin 231 of 706
bin 232 of 706
bin 233 of 706
bin 234 of 706
bin 235 of 706
bin 236 of 706
bin 237 of 706
bin 238 of 706
bin 239 of 706
bin 240 of 706
bin 241 of 706
bin 242 of 706
bin 243 of 706
bin 244 of 706
bin 245 of 706
bin 246 of 706
bin 247 of 706
bin 248 of 706
bin 249 of 706
bin 250 of 706
bin 251 of 706
bin 252 of 706
bin 253 of 706
bin 254 of 706
bin 255 of 706
bin 256 of 706
bin 257 of 706
bin 258 of 706
bin 259 of 706
bin 260 of 706
bin 261 of 706
bin 262 of 706
bin 263 of 706
bin 264 of 706
bin 265 of 706
bin 266 of 706
bin 267 of 706
bin 268 of 706
bin 269 of 706
bin 270 of 706
bin 271 of 706
bin 272 of 706
bin 273 of 706
bin 274 of 706
bin 275 of 706
bin 276 of 706
bin 277 of 706
bin 278 of 706
bin 279 of 706
bin 280 of 706
bin 281 of 706
bin 282 of 706
bin 283 of 706
bin 284 of 706
bin 285 of 706
bin 286 of 706
bin 287 of 706
bin 288 of 706
bin 289 of 706
bin 290 of 706
bin 291 of 706
bin 292 of 706
bin 293 of 706
bin 294 of 706
bin 295 of 706
bin 296 of 706
bin 297 of 706
bin 298 of 706
bin 299 of 706
bin 300 of 706
bin 301 of 706
bin 302 of 706
bin 303 of 706
bin 304 of 706
bin 305 of 706
bin 306 of 706
bin 307 of 706
bin 308 of 706
bin 309 of 706
bin 310 of 706
bin 311 of 706
bin 312 of 706
bin 313 of 706
bin 314 of 706
bin 315 of 706
bin 316 of 706
bin 317 of 706
bin 318 of 706
bin 319 of 706
bin 320 of 706
bin 321 of 706
bin 322 of 706
bin 323 of 706
bin 324 of 706
bin 325 of 706
bin 326 of 706
bin 327 of 706
bin 328 of 706
bin 329 of 706
bin 330 of 706
bin 331 of 706
bin 332 of 706
bin 333 of 706
bin 334 of 706
bin 335 of 706
bin 336 of 706
bin 337 of 706
bin 338 of 706
bin 339 of 706
bin 340 of 706
bin 341 of 706
bin 342 of 706
bin 343 of 706
bin 344 of 706
bin 345 of 706
bin 346 of 706
bin 347 of 706
bin 348 of 706
bin 349 of 706
bin 350 of 706
bin 351 of 706
bin 352 of 706
bin 353 of 706
bin 354 of 706
bin 355 of 706
bin 356 of 706
bin 357 of 706
bin 358 of 706
bin 359 of 706
bin 360 of 706
bin 361 of 706
bin 362 of 706
bin 363 of 706
bin 364 of 706
bin 365 of 706
bin 366 of 706
bin 367 of 706
bin 368 of 706
bin 369 of 706
bin 370 of 706
bin 371 of 706
bin 372 of 706
bin 373 of 706
bin 374 of 706
bin 375 of 706
bin 376 of 706
bin 377 of 706
bin 378 of 706
bin 379 of 706
bin 380 of 706
bin 381 of 706
bin 382 of 706
bin 383 of 706
bin 384 of 706
bin 385 of 706
bin 386 of 706
bin 387 of 706
bin 388 of 706
bin 389 of 706
bin 390 of 706
bin 391 of 706
bin 392 of 706
bin 393 of 706
bin 394 of 706
bin 395 of 706
bin 396 of 706
bin 397 of 706
bin 398 of 706
bin 399 of 706
bin 400 of 706
bin 401 of 706
bin 402 of 706
bin 403 of 706
bin 404 of 706
bin 405 of 706
bin 406 of 706
bin 407 of 706
bin 408 of 706
bin 409 of 706
bin 410 of 706
bin 411 of 706
bin 412 of 706
bin 413 of 706
bin 414 of 706
bin 415 of 706
bin 416 of 706
bin 417 of 706
bin 418 of 706
bin 419 of 706
bin 420 of 706
bin 421 of 706
bin 422 of 706
bin 423 of 706
bin 424 of 706
bin 425 of 706
bin 426 of 706
bin 427 of 706
bin 428 of 706
bin 429 of 706
bin 430 of 706
bin 431 of 706
bin 432 of 706
bin 433 of 706
bin 434 of 706
bin 435 of 706
bin 436 of 706
bin 437 of 706
bin 438 of 706
bin 439 of 706
bin 440 of 706
bin 441 of 706
bin 442 of 706
bin 443 of 706
bin 444 of 706
bin 445 of 706
bin 446 of 706
bin 447 of 706
bin 448 of 706
bin 449 of 706
bin 450 of 706
bin 451 of 706
bin 452 of 706
bin 453 of 706
bin 454 of 706
bin 455 of 706
bin 456 of 706
bin 457 of 706
bin 458 of 706
bin 459 of 706
bin 460 of 706
bin 461 of 706
bin 462 of 706
bin 463 of 706
bin 464 of 706
bin 465 of 706
bin 466 of 706
bin 467 of 706
Warning: Empty histogram median_massraio_vs_time_in_EB467
bin 468 of 706
bin 469 of 706
bin 470 of 706
bin 471 of 706
bin 472 of 706
bin 473 of 706
bin 474 of 706
bin 475 of 706
bin 476 of 706
bin 477 of 706
bin 478 of 706
bin 479 of 706
bin 480 of 706
bin 481 of 706
bin 482 of 706
bin 483 of 706
bin 484 of 706
bin 485 of 706
bin 486 of 706
bin 487 of 706
bin 488 of 706
bin 489 of 706
bin 490 of 706
bin 491 of 706
bin 492 of 706
bin 493 of 706
bin 494 of 706
bin 495 of 706
bin 496 of 706
bin 497 of 706
bin 498 of 706
bin 499 of 706
bin 500 of 706
bin 501 of 706
bin 502 of 706
bin 503 of 706
bin 504 of 706
bin 505 of 706
bin 506 of 706
bin 507 of 706
bin 508 of 706
bin 509 of 706
bin 510 of 706
bin 511 of 706
bin 512 of 706
bin 513 of 706
bin 514 of 706
bin 515 of 706
bin 516 of 706
bin 517 of 706
bin 518 of 706
bin 519 of 706
bin 520 of 706
bin 521 of 706
bin 522 of 706
bin 523 of 706
bin 524 of 706
bin 525 of 706
bin 526 of 706
bin 527 of 706
bin 528 of 706
bin 529 of 706
bin 530 of 706
bin 531 of 706
bin 532 of 706
bin 533 of 706
bin 534 of 706
bin 535 of 706
bin 536 of 706
bin 537 of 706
bin 538 of 706
bin 539 of 706
bin 540 of 706
bin 541 of 706
bin 542 of 706
bin 543 of 706
bin 544 of 706
bin 545 of 706
bin 546 of 706
bin 547 of 706
bin 548 of 706
bin 549 of 706
bin 550 of 706
bin 551 of 706
bin 552 of 706
bin 553 of 706
bin 554 of 706
bin 555 of 706
bin 556 of 706
bin 557 of 706
bin 558 of 706
bin 559 of 706
bin 560 of 706
bin 561 of 706
bin 562 of 706
bin 563 of 706
bin 564 of 706
bin 565 of 706
bin 566 of 706
bin 567 of 706
bin 568 of 706
bin 569 of 706
bin 570 of 706
bin 571 of 706
bin 572 of 706
bin 573 of 706
bin 574 of 706
bin 575 of 706
bin 576 of 706
bin 577 of 706
bin 578 of 706
bin 579 of 706
bin 580 of 706
bin 581 of 706
bin 582 of 706
bin 583 of 706
bin 584 of 706
bin 585 of 706
bin 586 of 706
bin 587 of 706
bin 588 of 706
bin 589 of 706
bin 590 of 706
bin 591 of 706
bin 592 of 706
bin 593 of 706
bin 594 of 706
bin 595 of 706
bin 596 of 706
bin 597 of 706
bin 598 of 706
bin 599 of 706
bin 600 of 706
bin 601 of 706
bin 602 of 706
bin 603 of 706
bin 604 of 706
bin 605 of 706
bin 606 of 706
bin 607 of 706
bin 608 of 706
bin 609 of 706
bin 610 of 706
bin 611 of 706
bin 612 of 706
bin 613 of 706
bin 614 of 706
bin 615 of 706
bin 616 of 706
bin 617 of 706
bin 618 of 706
bin 619 of 706
bin 620 of 706
bin 621 of 706
bin 622 of 706
bin 623 of 706
bin 624 of 706
bin 625 of 706
bin 626 of 706
bin 627 of 706
bin 628 of 706
bin 629 of 706
bin 630 of 706
bin 631 of 706
bin 632 of 706
bin 633 of 706
bin 634 of 706
bin 635 of 706
bin 636 of 706
bin 637 of 706
bin 638 of 706
bin 639 of 706
bin 640 of 706
bin 641 of 706
bin 642 of 706
bin 643 of 706
bin 644 of 706
bin 645 of 706
bin 646 of 706
bin 647 of 706
bin 648 of 706
bin 649 of 706
bin 650 of 706
bin 651 of 706
bin 652 of 706
bin 653 of 706
bin 654 of 706
bin 655 of 706
bin 656 of 706
bin 657 of 706
bin 658 of 706
bin 659 of 706
bin 660 of 706
bin 661 of 706
bin 662 of 706
bin 663 of 706
bin 664 of 706
bin 665 of 706
bin 666 of 706
bin 667 of 706
bin 668 of 706
bin 669 of 706
bin 670 of 706
bin 671 of 706
bin 672 of 706
bin 673 of 706
bin 674 of 706
bin 675 of 706
bin 676 of 706
bin 677 of 706
bin 678 of 706
bin 679 of 706
bin 680 of 706
bin 681 of 706
bin 682 of 706
bin 683 of 706
bin 684 of 706
bin 685 of 706
bin 686 of 706
bin 687 of 706
bin 688 of 706
bin 689 of 706
bin 690 of 706
bin 691 of 706
bin 692 of 706
bin 693 of 706
bin 694 of 706
bin 695 of 706
bin 696 of 706
bin 697 of 706
bin 698 of 706
bin 699 of 706
bin 700 of 706
bin 701 of 706
bin 702 of 706
bin 703 of 706
bin 704 of 706
bin 705 of 706
bin 706 of 706
218
[149] 	 Making StdDev60% vs time graph...
Making TGraphAsymmErrors for massraio_vs_time_in_EB (stdev) with 200 resamplings, 60.000000 % width, and 95.000000 % confidence
201
bin 1 of 706
bin 2 of 706
bin 3 of 706
bin 4 of 706
bin 5 of 706
bin 6 of 706
bin 7 of 706
bin 8 of 706
bin 9 of 706
bin 10 of 706
bin 11 of 706
bin 12 of 706
bin 13 of 706
bin 14 of 706
bin 15 of 706
bin 16 of 706
bin 17 of 706
bin 18 of 706
bin 19 of 706
bin 20 of 706
bin 21 of 706
bin 22 of 706
bin 23 of 706
bin 24 of 706
bin 25 of 706
bin 26 of 706
bin 27 of 706
bin 28 of 706
bin 29 of 706
bin 30 of 706
bin 31 of 706
bin 32 of 706
bin 33 of 706
bin 34 of 706
bin 35 of 706
bin 36 of 706
bin 37 of 706
bin 38 of 706
bin 39 of 706
bin 40 of 706
bin 41 of 706
bin 42 of 706
bin 43 of 706
bin 44 of 706
bin 45 of 706
bin 46 of 706
bin 47 of 706
bin 48 of 706
bin 49 of 706
bin 50 of 706
bin 51 of 706
bin 52 of 706
bin 53 of 706
bin 54 of 706
bin 55 of 706
bin 56 of 706
bin 57 of 706
bin 58 of 706
bin 59 of 706
bin 60 of 706
bin 61 of 706
bin 62 of 706
bin 63 of 706
bin 64 of 706
bin 65 of 706
bin 66 of 706
bin 67 of 706
bin 68 of 706
bin 69 of 706
bin 70 of 706
bin 71 of 706
bin 72 of 706
bin 73 of 706
bin 74 of 706
bin 75 of 706
bin 76 of 706
bin 77 of 706
bin 78 of 706
bin 79 of 706
bin 80 of 706
bin 81 of 706
bin 82 of 706
bin 83 of 706
bin 84 of 706
bin 85 of 706
bin 86 of 706
bin 87 of 706
bin 88 of 706
bin 89 of 706
bin 90 of 706
bin 91 of 706
bin 92 of 706
bin 93 of 706
bin 94 of 706
bin 95 of 706
bin 96 of 706
bin 97 of 706
bin 98 of 706
bin 99 of 706
bin 100 of 706
bin 101 of 706
bin 102 of 706
bin 103 of 706
bin 104 of 706
bin 105 of 706
bin 106 of 706
bin 107 of 706
bin 108 of 706
bin 109 of 706
bin 110 of 706
bin 111 of 706
bin 112 of 706
bin 113 of 706
bin 114 of 706
bin 115 of 706
bin 116 of 706
bin 117 of 706
bin 118 of 706
bin 119 of 706
bin 120 of 706
bin 121 of 706
bin 122 of 706
bin 123 of 706
bin 124 of 706
bin 125 of 706
bin 126 of 706
bin 127 of 706
bin 128 of 706
bin 129 of 706
bin 130 of 706
bin 131 of 706
bin 132 of 706
bin 133 of 706
bin 134 of 706
bin 135 of 706
bin 136 of 706
bin 137 of 706
bin 138 of 706
bin 139 of 706
bin 140 of 706
bin 141 of 706
bin 142 of 706
bin 143 of 706
bin 144 of 706
bin 145 of 706
bin 146 of 706
bin 147 of 706
bin 148 of 706
bin 149 of 706
bin 150 of 706
bin 151 of 706
bin 152 of 706
bin 153 of 706
bin 154 of 706
bin 155 of 706
bin 156 of 706
bin 157 of 706
bin 158 of 706
bin 159 of 706
bin 160 of 706
bin 161 of 706
bin 162 of 706
bin 163 of 706
bin 164 of 706
bin 165 of 706
bin 166 of 706
bin 167 of 706
bin 168 of 706
bin 169 of 706
bin 170 of 706
bin 171 of 706
bin 172 of 706
bin 173 of 706
bin 174 of 706
bin 175 of 706
bin 176 of 706
bin 177 of 706
bin 178 of 706
bin 179 of 706
bin 180 of 706
bin 181 of 706
bin 182 of 706
bin 183 of 706
bin 184 of 706
bin 185 of 706
bin 186 of 706
bin 187 of 706
bin 188 of 706
bin 189 of 706
bin 190 of 706
bin 191 of 706
bin 192 of 706
bin 193 of 706
bin 194 of 706
bin 195 of 706
bin 196 of 706
bin 197 of 706
bin 198 of 706
bin 199 of 706
bin 200 of 706
bin 201 of 706
bin 202 of 706
bin 203 of 706
bin 204 of 706
bin 205 of 706
bin 206 of 706
bin 207 of 706
bin 208 of 706
bin 209 of 706
bin 210 of 706
bin 211 of 706
bin 212 of 706
bin 213 of 706
bin 214 of 706
bin 215 of 706
bin 216 of 706
bin 217 of 706
bin 218 of 706
bin 219 of 706
bin 220 of 706
bin 221 of 706
bin 222 of 706
bin 223 of 706
bin 224 of 706
bin 225 of 706
bin 226 of 706
bin 227 of 706
bin 228 of 706
bin 229 of 706
bin 230 of 706
bin 231 of 706
bin 232 of 706
bin 233 of 706
bin 234 of 706
bin 235 of 706
bin 236 of 706
bin 237 of 706
bin 238 of 706
bin 239 of 706
bin 240 of 706
bin 241 of 706
bin 242 of 706
bin 243 of 706
bin 244 of 706
bin 245 of 706
bin 246 of 706
bin 247 of 706
bin 248 of 706
bin 249 of 706
bin 250 of 706
bin 251 of 706
bin 252 of 706
bin 253 of 706
bin 254 of 706
bin 255 of 706
bin 256 of 706
bin 257 of 706
bin 258 of 706
bin 259 of 706
bin 260 of 706
bin 261 of 706
bin 262 of 706
bin 263 of 706
bin 264 of 706
bin 265 of 706
bin 266 of 706
bin 267 of 706
bin 268 of 706
bin 269 of 706
bin 270 of 706
bin 271 of 706
bin 272 of 706
bin 273 of 706
bin 274 of 706
bin 275 of 706
bin 276 of 706
bin 277 of 706
bin 278 of 706
bin 279 of 706
bin 280 of 706
bin 281 of 706
bin 282 of 706
bin 283 of 706
bin 284 of 706
bin 285 of 706
bin 286 of 706
bin 287 of 706
bin 288 of 706
bin 289 of 706
bin 290 of 706
bin 291 of 706
bin 292 of 706
bin 293 of 706
bin 294 of 706
bin 295 of 706
bin 296 of 706
bin 297 of 706
bin 298 of 706
bin 299 of 706
bin 300 of 706
bin 301 of 706
bin 302 of 706
bin 303 of 706
bin 304 of 706
bin 305 of 706
bin 306 of 706
bin 307 of 706
bin 308 of 706
bin 309 of 706
bin 310 of 706
bin 311 of 706
bin 312 of 706
bin 313 of 706
bin 314 of 706
bin 315 of 706
bin 316 of 706
bin 317 of 706
bin 318 of 706
bin 319 of 706
bin 320 of 706
bin 321 of 706
bin 322 of 706
bin 323 of 706
bin 324 of 706
bin 325 of 706
bin 326 of 706
bin 327 of 706
bin 328 of 706
bin 329 of 706
bin 330 of 706
bin 331 of 706
bin 332 of 706
bin 333 of 706
bin 334 of 706
bin 335 of 706
bin 336 of 706
bin 337 of 706
bin 338 of 706
bin 339 of 706
bin 340 of 706
bin 341 of 706
bin 342 of 706
bin 343 of 706
bin 344 of 706
bin 345 of 706
bin 346 of 706
bin 347 of 706
bin 348 of 706
bin 349 of 706
bin 350 of 706
bin 351 of 706
bin 352 of 706
bin 353 of 706
bin 354 of 706
bin 355 of 706
bin 356 of 706
bin 357 of 706
bin 358 of 706
bin 359 of 706
bin 360 of 706
bin 361 of 706
bin 362 of 706
bin 363 of 706
bin 364 of 706
bin 365 of 706
bin 366 of 706
bin 367 of 706
bin 368 of 706
bin 369 of 706
bin 370 of 706
bin 371 of 706
bin 372 of 706
bin 373 of 706
bin 374 of 706
bin 375 of 706
bin 376 of 706
bin 377 of 706
bin 378 of 706
bin 379 of 706
bin 380 of 706
bin 381 of 706
bin 382 of 706
bin 383 of 706
bin 384 of 706
bin 385 of 706
bin 386 of 706
bin 387 of 706
bin 388 of 706
bin 389 of 706
bin 390 of 706
bin 391 of 706
bin 392 of 706
bin 393 of 706
bin 394 of 706
bin 395 of 706
bin 396 of 706
bin 397 of 706
bin 398 of 706
bin 399 of 706
bin 400 of 706
bin 401 of 706
bin 402 of 706
bin 403 of 706
bin 404 of 706
bin 405 of 706
bin 406 of 706
bin 407 of 706
bin 408 of 706
bin 409 of 706
bin 410 of 706
bin 411 of 706
bin 412 of 706
bin 413 of 706
bin 414 of 706
bin 415 of 706
bin 416 of 706
bin 417 of 706
bin 418 of 706
bin 419 of 706
bin 420 of 706
bin 421 of 706
bin 422 of 706
bin 423 of 706
bin 424 of 706
bin 425 of 706
bin 426 of 706
bin 427 of 706
bin 428 of 706
bin 429 of 706
bin 430 of 706
bin 431 of 706
bin 432 of 706
bin 433 of 706
bin 434 of 706
bin 435 of 706
bin 436 of 706
bin 437 of 706
bin 438 of 706
bin 439 of 706
bin 440 of 706
bin 441 of 706
bin 442 of 706
bin 443 of 706
bin 444 of 706
bin 445 of 706
bin 446 of 706
bin 447 of 706
bin 448 of 706
bin 449 of 706
bin 450 of 706
bin 451 of 706
bin 452 of 706
bin 453 of 706
bin 454 of 706
bin 455 of 706
bin 456 of 706
bin 457 of 706
bin 458 of 706
bin 459 of 706
bin 460 of 706
bin 461 of 706
bin 462 of 706
bin 463 of 706
bin 464 of 706
bin 465 of 706
bin 466 of 706
bin 467 of 706
Warning: Empty histogram min60_stdev_massraio_vs_time_in_EB467
bin 468 of 706
bin 469 of 706
bin 470 of 706
bin 471 of 706
bin 472 of 706
bin 473 of 706
bin 474 of 706
bin 475 of 706
bin 476 of 706
bin 477 of 706
bin 478 of 706
bin 479 of 706
bin 480 of 706
bin 481 of 706
bin 482 of 706
bin 483 of 706
bin 484 of 706
bin 485 of 706
bin 486 of 706
bin 487 of 706
bin 488 of 706
bin 489 of 706
bin 490 of 706
bin 491 of 706
bin 492 of 706
bin 493 of 706
bin 494 of 706
bin 495 of 706
bin 496 of 706
bin 497 of 706
bin 498 of 706
bin 499 of 706
bin 500 of 706
bin 501 of 706
bin 502 of 706
bin 503 of 706
bin 504 of 706
bin 505 of 706
bin 506 of 706
bin 507 of 706
bin 508 of 706
bin 509 of 706
bin 510 of 706
bin 511 of 706
bin 512 of 706
bin 513 of 706
bin 514 of 706
bin 515 of 706
bin 516 of 706
bin 517 of 706
bin 518 of 706
bin 519 of 706
bin 520 of 706
bin 521 of 706
bin 522 of 706
bin 523 of 706
bin 524 of 706
bin 525 of 706
bin 526 of 706
bin 527 of 706
bin 528 of 706
bin 529 of 706
bin 530 of 706
bin 531 of 706
bin 532 of 706
bin 533 of 706
bin 534 of 706
bin 535 of 706
bin 536 of 706
bin 537 of 706
bin 538 of 706
bin 539 of 706
bin 540 of 706
bin 541 of 706
bin 542 of 706
bin 543 of 706
bin 544 of 706
bin 545 of 706
bin 546 of 706
bin 547 of 706
bin 548 of 706
bin 549 of 706
bin 550 of 706
bin 551 of 706
bin 552 of 706
bin 553 of 706
bin 554 of 706
bin 555 of 706
bin 556 of 706
bin 557 of 706
bin 558 of 706
bin 559 of 706
bin 560 of 706
bin 561 of 706
bin 562 of 706
bin 563 of 706
bin 564 of 706
bin 565 of 706
bin 566 of 706
bin 567 of 706
bin 568 of 706
bin 569 of 706
bin 570 of 706
bin 571 of 706
bin 572 of 706
bin 573 of 706
bin 574 of 706
bin 575 of 706
bin 576 of 706
bin 577 of 706
bin 578 of 706
bin 579 of 706
bin 580 of 706
bin 581 of 706
bin 582 of 706
bin 583 of 706
bin 584 of 706
bin 585 of 706
bin 586 of 706
bin 587 of 706
bin 588 of 706
bin 589 of 706
bin 590 of 706
bin 591 of 706
bin 592 of 706
bin 593 of 706
bin 594 of 706
bin 595 of 706
bin 596 of 706
bin 597 of 706
bin 598 of 706
bin 599 of 706
bin 600 of 706
bin 601 of 706
bin 602 of 706
bin 603 of 706
bin 604 of 706
bin 605 of 706
bin 606 of 706
bin 607 of 706
bin 608 of 706
bin 609 of 706
bin 610 of 706
bin 611 of 706
bin 612 of 706
bin 613 of 706
bin 614 of 706
bin 615 of 706
bin 616 of 706
bin 617 of 706
bin 618 of 706
bin 619 of 706
bin 620 of 706
bin 621 of 706
bin 622 of 706
bin 623 of 706
bin 624 of 706
bin 625 of 706
bin 626 of 706
bin 627 of 706
bin 628 of 706
bin 629 of 706
bin 630 of 706
bin 631 of 706
bin 632 of 706
bin 633 of 706
bin 634 of 706
bin 635 of 706
bin 636 of 706
bin 637 of 706
bin 638 of 706
bin 639 of 706
bin 640 of 706
bin 641 of 706
bin 642 of 706
bin 643 of 706
bin 644 of 706
bin 645 of 706
bin 646 of 706
bin 647 of 706
bin 648 of 706
bin 649 of 706
bin 650 of 706
bin 651 of 706
bin 652 of 706
bin 653 of 706
bin 654 of 706
bin 655 of 706
bin 656 of 706
bin 657 of 706
bin 658 of 706
bin 659 of 706
bin 660 of 706
bin 661 of 706
bin 662 of 706
bin 663 of 706
bin 664 of 706
bin 665 of 706
bin 666 of 706
bin 667 of 706
bin 668 of 706
bin 669 of 706
bin 670 of 706
bin 671 of 706
bin 672 of 706
bin 673 of 706
bin 674 of 706
bin 675 of 706
bin 676 of 706
bin 677 of 706
bin 678 of 706
bin 679 of 706
bin 680 of 706
bin 681 of 706
bin 682 of 706
bin 683 of 706
bin 684 of 706
bin 685 of 706
bin 686 of 706
bin 687 of 706
bin 688 of 706
bin 689 of 706
bin 690 of 706
bin 691 of 706
bin 692 of 706
bin 693 of 706
bin 694 of 706
bin 695 of 706
bin 696 of 706
bin 697 of 706
bin 698 of 706
bin 699 of 706
bin 700 of 706
bin 701 of 706
bin 702 of 706
bin 703 of 706
bin 704 of 706
bin 705 of 706
bin 706 of 706
218
[139] Found TH2D massraio_vs_time_in_EE
[141] 	 Making median vs time graph...
Making TGraphAsymmErrors for massraio_vs_time_in_EE (median) with 200 resamplings, 100.000000 % width, and 95.000000 % confidence
201
bin 1 of 120
bin 2 of 120
bin 3 of 120
bin 4 of 120
bin 5 of 120
bin 6 of 120
bin 7 of 120
bin 8 of 120
bin 9 of 120
bin 10 of 120
bin 11 of 120
bin 12 of 120
bin 13 of 120
bin 14 of 120
bin 15 of 120
bin 16 of 120
bin 17 of 120
bin 18 of 120
bin 19 of 120
bin 20 of 120
bin 21 of 120
bin 22 of 120
bin 23 of 120
bin 24 of 120
bin 25 of 120
bin 26 of 120
bin 27 of 120
bin 28 of 120
bin 29 of 120
bin 30 of 120
bin 31 of 120
bin 32 of 120
bin 33 of 120
bin 34 of 120
bin 35 of 120
bin 36 of 120
bin 37 of 120
bin 38 of 120
bin 39 of 120
bin 40 of 120
bin 41 of 120
bin 42 of 120
bin 43 of 120
bin 44 of 120
bin 45 of 120
bin 46 of 120
bin 47 of 120
bin 48 of 120
bin 49 of 120
bin 50 of 120
bin 51 of 120
bin 52 of 120
bin 53 of 120
bin 54 of 120
bin 55 of 120
bin 56 of 120
bin 57 of 120
bin 58 of 120
bin 59 of 120
bin 60 of 120
bin 61 of 120
bin 62 of 120
bin 63 of 120
bin 64 of 120
bin 65 of 120
bin 66 of 120
bin 67 of 120
bin 68 of 120
bin 69 of 120
bin 70 of 120
bin 71 of 120
bin 72 of 120
bin 73 of 120
bin 74 of 120
bin 75 of 120
bin 76 of 120
bin 77 of 120
bin 78 of 120
bin 79 of 120
Warning: Empty histogram median_massraio_vs_time_in_EE79
bin 80 of 120
bin 81 of 120
bin 82 of 120
bin 83 of 120
bin 84 of 120
bin 85 of 120
bin 86 of 120
bin 87 of 120
bin 88 of 120
bin 89 of 120
bin 90 of 120
bin 91 of 120
bin 92 of 120
bin 93 of 120
bin 94 of 120
bin 95 of 120
bin 96 of 120
bin 97 of 120
bin 98 of 120
bin 99 of 120
bin 100 of 120
bin 101 of 120
bin 102 of 120
bin 103 of 120
bin 104 of 120
bin 105 of 120
bin 106 of 120
bin 107 of 120
bin 108 of 120
bin 109 of 120
bin 110 of 120
bin 111 of 120
bin 112 of 120
bin 113 of 120
bin 114 of 120
bin 115 of 120
bin 116 of 120
bin 117 of 120
bin 118 of 120
bin 119 of 120
bin 120 of 120
218
[149] 	 Making StdDev60% vs time graph...
Making TGraphAsymmErrors for massraio_vs_time_in_EE (stdev) with 200 resamplings, 60.000000 % width, and 95.000000 % confidence
201
bin 1 of 120
bin 2 of 120
bin 3 of 120
bin 4 of 120
bin 5 of 120
bin 6 of 120
bin 7 of 120
bin 8 of 120
bin 9 of 120
bin 10 of 120
bin 11 of 120
bin 12 of 120
bin 13 of 120
bin 14 of 120
bin 15 of 120
bin 16 of 120
bin 17 of 120
bin 18 of 120
bin 19 of 120
bin 20 of 120
bin 21 of 120
bin 22 of 120
bin 23 of 120
bin 24 of 120
bin 25 of 120
bin 26 of 120
bin 27 of 120
bin 28 of 120
bin 29 of 120
bin 30 of 120
bin 31 of 120
bin 32 of 120
bin 33 of 120
bin 34 of 120
bin 35 of 120
bin 36 of 120
bin 37 of 120
bin 38 of 120
bin 39 of 120
bin 40 of 120
bin 41 of 120
bin 42 of 120
bin 43 of 120
bin 44 of 120
bin 45 of 120
bin 46 of 120
bin 47 of 120
bin 48 of 120
bin 49 of 120
bin 50 of 120
bin 51 of 120
bin 52 of 120
bin 53 of 120
bin 54 of 120
bin 55 of 120
bin 56 of 120
bin 57 of 120
bin 58 of 120
bin 59 of 120
bin 60 of 120
bin 61 of 120
bin 62 of 120
bin 63 of 120
bin 64 of 120
bin 65 of 120
bin 66 of 120
bin 67 of 120
bin 68 of 120
bin 69 of 120
bin 70 of 120
bin 71 of 120
bin 72 of 120
bin 73 of 120
bin 74 of 120
bin 75 of 120
bin 76 of 120
bin 77 of 120
bin 78 of 120
bin 79 of 120
Warning: Empty histogram min60_stdev_massraio_vs_time_in_EE79
bin 80 of 120
bin 81 of 120
bin 82 of 120
bin 83 of 120
bin 84 of 120
bin 85 of 120
bin 86 of 120
bin 87 of 120
bin 88 of 120
bin 89 of 120
bin 90 of 120
bin 91 of 120
bin 92 of 120
bin 93 of 120
bin 94 of 120
bin 95 of 120
bin 96 of 120
bin 97 of 120
bin 98 of 120
bin 99 of 120
bin 100 of 120
bin 101 of 120
bin 102 of 120
bin 103 of 120
bin 104 of 120
bin 105 of 120
bin 106 of 120
bin 107 of 120
bin 108 of 120
bin 109 of 120
bin 110 of 120
bin 111 of 120
bin 112 of 120
bin 113 of 120
bin 114 of 120
bin 115 of 120
bin 116 of 120
bin 117 of 120
bin 118 of 120
bin 119 of 120
bin 120 of 120
218
[163] 	 Graphs written to file /eos/user/z/zhjie/quickECALMonitor/outputs/Data_2023_v5_goldenjson_mcratio/Data_2023_v5_goldenjson_mcratio_all.root
(int) 1
