
Processing plotDataHistsDPG.C("/afs/cern.ch/work/w/wangjin/scratch2/ecal/2019/monitor/CMSSW_9_4_9/src/ecalDPG_Plots/options/ul2018/histDataOptions_mee_in_EE_HighR92.txt")...
		Options parsed from file /afs/cern.ch/work/w/wangjin/scratch2/ecal/2019/monitor/CMSSW_9_4_9/src/ecalDPG_Plots/options/ul2018/histDataOptions_mee_in_EE_HighR92.txt... 
		writeDir	=	/afs/cern.ch/work/w/wangjin/scratch2/ecal/2019/monitor/CMSSW_9_4_9/src/ecalDPG_Plots/plots/mee/2018/sep2018Every2fb_all/
		cmsYear	=	2018
		histName	=	mee_in_EE_HighR92
		histYtitle	=	a.u.
		fitNsigmaR	=	1.
		fitNsigmaL	=	0.2
		np	=	1000.
		sc	=	10.
		integralScale	=	1.
		fitXmin	=	87.
		fitXmax	=	94.
		scaleSign	=	1.
		FFTn	=	50000
		data0	=	/afs/cern.ch/work/w/wangjin/scratch2/ecal/2019/monitor/CMSSW_9_4_9/src/ecalDPG_Plots/data/sep2018_newReg_all.root
		data0Legend	=	sep2018 Initial
		data0Color	=	#990000
		data0Marker	=	21
		data1	=	/afs/cern.ch/work/w/wangjin/scratch2/ecal/2019/monitor/CMSSW_9_4_9/src/ecalDPG_Plots/data/sep2018Every2fb_all.root
		data1Legend	=	sep2018 2fb
		data1Color	=	#238b45
		data1Marker	=	20
		errorFillStyle	=	3005
		scale	=	100.
		legendX1	=	0.11
		legendX2	=	0.4
		legendY1	=	0.8
		legendY2	=	0.97
		legendNcols	=	1
		legendTextSize	=	0.04
		categoryTextSize	=	0.045
		categoryX	=	0.6
		categoryY	=	0.95
		lineWidth	=	2.
		markerSize	=	2.5
		statPrecision	=	1
		xMin	=	78.
		xMax	=	104.
		yMin	=	0.0001
		yMax	=	9.1
		canvasW	=	1800.
		canvasH	=	1600.
		pad2x1	=	0.
		pad2y1	=	0.
		pad2x2	=	1.
		pad2y2	=	0.945
		pad2axislabelsize	=	0.05
		pad2axisTitleSize	=	0.06
		pad2xtitleoffset	=	0.8
		pad2ytitleoffset	=	0.5
		pad2yMaxDigits	=	3
		pad2marginL	=	0.09
		pad2marginR	=	0.005
		pad2marginB	=	0.14
		pad2marginT	=	0.01
		nDivsPad2X	=	510
		nDivsPad2Y	=	510
		titleSize	=	0.05
		infoYearX	=	0.09
		infoRunX	=	0.838
		yearY	=	0.988
		runY	=	0.992
	Options parsed!
[772] Created directory: /afs/cern.ch/work/w/wangjin/scratch2/ecal/2019/monitor/CMSSW_9_4_9/src/ecalDPG_Plots/plots/mee/2018/sep2018Every2fb_all/
Plotting mee_in_EE_HighR92
Modify preliminary histname from mee_in_EE_HighR92 to mee_in_EE_HighR9
		Loading histogram mee_in_EE_HighR9 from file /afs/cern.ch/work/w/wangjin/scratch2/ecal/2019/monitor/CMSSW_9_4_9/src/ecalDPG_Plots/data/sep2018_newReg_all.root
			Success!
/////////////////////////////////////////////Floating Z width////////////////////////////////////////////////////////
/////////////////////////////////////////////Approximated width////////////////////////////////////////////////////////
fV 10.5
fG is 9.09221
fabrice approx : 4.70279 %
/////////////////////////////////////////////Fixed Z width////////////////////////////////////////////////////////
 FCN=0.00161072 FROM MINOS     STATUS=SUCCESSFUL    173 CALLS        2139 TOTAL
                     EDM=6.12821e-10    STRATEGY= 1      ERROR MATRIX ACCURATE 
  EXT PARAMETER                                   STEP         FIRST   
  NO.   NAME      VALUE            ERROR          SIZE      DERIVATIVE 
   1  BW mean      8.50764e+01   1.11442e+00   2.88064e-03   5.79880e-04
   2  Gauss Width   4.10176e+00   1.81238e+00  -1.63666e-02  -8.39205e-04
   3  Integral     4.39492e+01   1.11987e+01   1.11987e+01  -2.80281e-05
                               ERR DEF= 0.5
Preliminary 2018 mee_in_EE_HighR92 mean is 85.0764
Preliminary 2018 mee_in_EE_HighR92 sigma60 is 4.10176

		Loading histogram mee_in_EE_HighR92 from file /afs/cern.ch/work/w/wangjin/scratch2/ecal/2019/monitor/CMSSW_9_4_9/src/ecalDPG_Plots/data/sep2018Every2fb_all.root
			Success!
/////////////////////////////////////////////Floating Z width////////////////////////////////////////////////////////
/////////////////////////////////////////////Approximated width////////////////////////////////////////////////////////
fV 10.5
fG is 9.09221
fabrice approx : 4.77107 %
/////////////////////////////////////////////Fixed Z width////////////////////////////////////////////////////////
 FCN=0.00223125 FROM MINOS     STATUS=SUCCESSFUL    143 CALLS        2002 TOTAL
                     EDM=9.09751e-10    STRATEGY= 1      ERROR MATRIX ACCURATE 
  EXT PARAMETER                                   STEP         FIRST   
  NO.   NAME      VALUE            ERROR          SIZE      DERIVATIVE 
   1  BW mean      8.44311e+01   9.38573e-01   5.48710e-05   1.89355e-05
   2  Gauss Width   3.93899e+00   1.51405e+00  -4.61377e-03  -1.26021e-04
   3  Integral     4.19833e+01   8.88870e+00   8.88870e+00  -6.18801e-05
                               ERR DEF= 0.5
Ultra Legacy 2018 mee_in_EE_HighR92 mean is 84.4311
Ultra Legacy 2018 mee_in_EE_HighR92 sigma60 is 3.93899

