
Processing plotDataHistsDPG.C("/afs/cern.ch/work/w/wangjin/scratch2/ecal/2019/monitor/CMSSW_9_4_9/src/ecalDPG_Plots/options/ul2018/histDataOptions_mee_in_EB_LowR92.txt")...
		Options parsed from file /afs/cern.ch/work/w/wangjin/scratch2/ecal/2019/monitor/CMSSW_9_4_9/src/ecalDPG_Plots/options/ul2018/histDataOptions_mee_in_EB_LowR92.txt... 
		writeDir	=	/afs/cern.ch/work/w/wangjin/scratch2/ecal/2019/monitor/CMSSW_9_4_9/src/ecalDPG_Plots/plots/mee/2018/sep2018Every2fb_all/
		cmsYear	=	2018
		histName	=	mee_in_EB_LowR92
		histYtitle	=	a.u.
		fitNsigmaR	=	1.
		fitNsigmaL	=	0.2
		np	=	1000.
		sc	=	10.
		integralScale	=	1.
		fitXmin	=	87.
		fitXmax	=	94.
		scaleSign	=	1.
		FFTn	=	50000
		data0	=	/afs/cern.ch/work/w/wangjin/scratch2/ecal/2019/monitor/CMSSW_9_4_9/src/ecalDPG_Plots/data/sep2018_newReg_all.root
		data0Legend	=	sep2018 Initial
		data0Color	=	#990000
		data0Marker	=	21
		data1	=	/afs/cern.ch/work/w/wangjin/scratch2/ecal/2019/monitor/CMSSW_9_4_9/src/ecalDPG_Plots/data/sep2018Every2fb_all.root
		data1Legend	=	sep2018 2fb
		data1Color	=	#238b45
		data1Marker	=	20
		errorFillStyle	=	3005
		scale	=	100.
		legendX1	=	0.11
		legendX2	=	0.4
		legendY1	=	0.8
		legendY2	=	0.97
		legendNcols	=	1
		legendTextSize	=	0.04
		categoryTextSize	=	0.045
		categoryX	=	0.6
		categoryY	=	0.95
		lineWidth	=	2.
		markerSize	=	2.5
		statPrecision	=	1
		xMin	=	78.
		xMax	=	104.
		yMin	=	0.0001
		yMax	=	9.1
		canvasW	=	1800.
		canvasH	=	1600.
		pad2x1	=	0.
		pad2y1	=	0.
		pad2x2	=	1.
		pad2y2	=	0.945
		pad2axislabelsize	=	0.05
		pad2axisTitleSize	=	0.06
		pad2xtitleoffset	=	0.8
		pad2ytitleoffset	=	0.5
		pad2yMaxDigits	=	3
		pad2marginL	=	0.09
		pad2marginR	=	0.005
		pad2marginB	=	0.14
		pad2marginT	=	0.01
		nDivsPad2X	=	510
		nDivsPad2Y	=	510
		titleSize	=	0.05
		infoYearX	=	0.09
		infoRunX	=	0.838
		yearY	=	0.988
		runY	=	0.992
	Options parsed!
[772] Created directory: /afs/cern.ch/work/w/wangjin/scratch2/ecal/2019/monitor/CMSSW_9_4_9/src/ecalDPG_Plots/plots/mee/2018/sep2018Every2fb_all/
Plotting mee_in_EB_LowR92
Modify preliminary histname from mee_in_EB_LowR92 to mee_in_EB_LowR9
		Loading histogram mee_in_EB_LowR9 from file /afs/cern.ch/work/w/wangjin/scratch2/ecal/2019/monitor/CMSSW_9_4_9/src/ecalDPG_Plots/data/sep2018_newReg_all.root
			Success!
/////////////////////////////////////////////Floating Z width////////////////////////////////////////////////////////
/////////////////////////////////////////////Approximated width////////////////////////////////////////////////////////
fV 6
fG is 4.51925
fabrice approx : 2.23004 %
/////////////////////////////////////////////Fixed Z width////////////////////////////////////////////////////////
 FCN=0.00154212 FROM MINOS     STATUS=SUCCESSFUL    183 CALLS         727 TOTAL
                     EDM=2.77351e-07    STRATEGY= 1      ERROR MATRIX ACCURATE 
  EXT PARAMETER                                   STEP         FIRST   
  NO.   NAME      VALUE            ERROR          SIZE      DERIVATIVE 
   1  BW mean      8.69096e+01   8.73590e-01   7.59777e-03   2.21693e-03
   2  Gauss Width   1.98146e+00   1.08513e+00  -1.32798e-02   2.22251e-03
   3  Integral     4.57704e+01   1.25281e+01   1.25281e+01  -1.27022e-04
                               ERR DEF= 0.5
Preliminary 2018 mee_in_EB_LowR92 mean is 86.9096
Preliminary 2018 mee_in_EB_LowR92 sigma60 is 1.98146

		Loading histogram mee_in_EB_LowR92 from file /afs/cern.ch/work/w/wangjin/scratch2/ecal/2019/monitor/CMSSW_9_4_9/src/ecalDPG_Plots/data/sep2018Every2fb_all.root
			Success!
/////////////////////////////////////////////Floating Z width////////////////////////////////////////////////////////
/////////////////////////////////////////////Approximated width////////////////////////////////////////////////////////
fV 6
fG is 4.51925
fabrice approx : 2.15629 %
/////////////////////////////////////////////Fixed Z width////////////////////////////////////////////////////////
 FCN=0.0022555 FROM MINOS     STATUS=SUCCESSFUL    172 CALLS         767 TOTAL
                     EDM=6.08151e-08    STRATEGY= 1      ERROR MATRIX ACCURATE 
  EXT PARAMETER                                   STEP         FIRST   
  NO.   NAME      VALUE            ERROR          SIZE      DERIVATIVE 
   1  BW mean      8.99157e+01   8.11635e-01   5.09683e-03   7.74366e-04
   2  Gauss Width   1.88690e+00   1.00210e+00  -9.32623e-03  -7.57739e-04
   3  Integral     4.50541e+01   1.15638e+01   1.15638e+01  -2.98650e-05
                               ERR DEF= 0.5
Ultra Legacy 2018 mee_in_EB_LowR92 mean is 89.9157
Ultra Legacy 2018 mee_in_EB_LowR92 sigma60 is 1.8869

