
Processing plotDataHistsDPG.C("/afs/cern.ch/work/w/wangjin/scratch2/ecal/2019/monitor/CMSSW_9_4_9/src/ecalDPG_Plots/options/ul2018/histDataOptions_mee_in_EE.txt")...
		Options parsed from file /afs/cern.ch/work/w/wangjin/scratch2/ecal/2019/monitor/CMSSW_9_4_9/src/ecalDPG_Plots/options/ul2018/histDataOptions_mee_in_EE.txt... 
		writeDir	=	/afs/cern.ch/work/w/wangjin/scratch2/ecal/2019/monitor/CMSSW_9_4_9/src/ecalDPG_Plots/plots/mee/2018/sep2018Every2fb_all/
		cmsYear	=	2018
		histName	=	mee_in_EE
		histYtitle	=	a.u.
		fitNsigmaR	=	1.
		fitNsigmaL	=	0.2
		np	=	1000.
		sc	=	10.
		integralScale	=	1.
		fitXmin	=	87.
		fitXmax	=	94.
		scaleSign	=	1.
		FFTn	=	50000
		data0	=	/afs/cern.ch/work/w/wangjin/scratch2/ecal/2019/monitor/CMSSW_9_4_9/src/ecalDPG_Plots/data/sep2018_newReg_all.root
		data0Legend	=	sep2018 Initial
		data0Color	=	#990000
		data0Marker	=	21
		data1	=	/afs/cern.ch/work/w/wangjin/scratch2/ecal/2019/monitor/CMSSW_9_4_9/src/ecalDPG_Plots/data/sep2018Every2fb_all.root
		data1Legend	=	sep2018 2fb
		data1Color	=	#238b45
		data1Marker	=	20
		errorFillStyle	=	3005
		scale	=	100.
		legendX1	=	0.11
		legendX2	=	0.4
		legendY1	=	0.8
		legendY2	=	0.97
		legendNcols	=	1
		legendTextSize	=	0.04
		categoryTextSize	=	0.045
		categoryX	=	0.6
		categoryY	=	0.95
		lineWidth	=	2.
		markerSize	=	2.5
		statPrecision	=	1
		xMin	=	78.
		xMax	=	104.
		yMin	=	0.0001
		yMax	=	9.1
		canvasW	=	1800.
		canvasH	=	1600.
		pad2x1	=	0.
		pad2y1	=	0.
		pad2x2	=	1.
		pad2y2	=	0.945
		pad2axislabelsize	=	0.05
		pad2axisTitleSize	=	0.06
		pad2xtitleoffset	=	0.8
		pad2ytitleoffset	=	0.5
		pad2yMaxDigits	=	3
		pad2marginL	=	0.09
		pad2marginR	=	0.005
		pad2marginB	=	0.14
		pad2marginT	=	0.01
		nDivsPad2X	=	510
		nDivsPad2Y	=	510
		titleSize	=	0.05
		infoYearX	=	0.09
		infoRunX	=	0.838
		yearY	=	0.988
		runY	=	0.992
	Options parsed!
[772] Created directory: /afs/cern.ch/work/w/wangjin/scratch2/ecal/2019/monitor/CMSSW_9_4_9/src/ecalDPG_Plots/plots/mee/2018/sep2018Every2fb_all/
Plotting mee_in_EE
		Loading histogram mee_in_EE from file /afs/cern.ch/work/w/wangjin/scratch2/ecal/2019/monitor/CMSSW_9_4_9/src/ecalDPG_Plots/data/sep2018_newReg_all.root
			Success!
/////////////////////////////////////////////Floating Z width////////////////////////////////////////////////////////
/////////////////////////////////////////////Approximated width////////////////////////////////////////////////////////
fV 11
fG is 9.59606
fabrice approx : 4.8412 %
/////////////////////////////////////////////Fixed Z width////////////////////////////////////////////////////////
 FCN=0.000594702 FROM MINOS     STATUS=SUCCESSFUL    213 CALLS        2259 TOTAL
                     EDM=1.01027e-07    STRATEGY= 1      ERROR MATRIX ACCURATE 
  EXT PARAMETER                                   STEP         FIRST   
  NO.   NAME      VALUE            ERROR          SIZE      DERIVATIVE 
   1  BW mean      8.64209e+01   1.35581e+00   1.49532e-02   3.73521e-04
   2  Gauss Width   4.19460e+00   2.09206e+00  -4.51949e-02  -1.86906e-03
   3  Integral     4.63401e+01   1.41307e+01   1.41307e+01   2.65752e-05
                               ERR DEF= 0.5
Preliminary 2018 mee_in_EE mean is 86.4209
Preliminary 2018 mee_in_EE sigma60 is 4.1946

		Loading histogram mee_in_EE from file /afs/cern.ch/work/w/wangjin/scratch2/ecal/2019/monitor/CMSSW_9_4_9/src/ecalDPG_Plots/data/sep2018Every2fb_all.root
			Success!
/////////////////////////////////////////////Floating Z width////////////////////////////////////////////////////////
/////////////////////////////////////////////Approximated width////////////////////////////////////////////////////////
fV 11
fG is 9.59606
fabrice approx : 4.84192 %
/////////////////////////////////////////////Fixed Z width////////////////////////////////////////////////////////
 FCN=0.000626118 FROM MINOS     STATUS=SUCCESSFUL    215 CALLS        2251 TOTAL
                     EDM=3.44282e-08    STRATEGY= 1      ERROR MATRIX ACCURATE 
  EXT PARAMETER                                   STEP         FIRST   
  NO.   NAME      VALUE            ERROR          SIZE      DERIVATIVE 
   1  BW mean      8.64028e+01   1.36629e+00  -8.50935e-04  -2.51140e-05
   2  Gauss Width   4.19911e+00   2.09832e+00   2.51903e-03   9.69969e-05
   3  Integral     4.63671e+01   1.41985e+01   1.41985e+01   2.77289e-05
                               ERR DEF= 0.5
Ultra Legacy 2018 mee_in_EE mean is 86.4028
Ultra Legacy 2018 mee_in_EE sigma60 is 4.19911

