('Real time:', '2022-07-01 08:31:19')
(1657642073.0, 90.15037593984962)
(1657842997.0, 90.21052631578948)
(1658068940.0, 90.38571428571429)
(1658287460.0, 90.41739130434783)
(1658319805.0, 90.43304347826087)
(1658405305.0, 90.32155963302753)
(1658526009.0, 90.30565217391306)
(1658591118.5, 90.40400000000001)
(1658600072.0, 90.39214285714286)
(1658775240.0, 90.2919191919192)
(1658962110.0, 89.66375)
(1658981818.0, 89.67161016949153)
(1659013235.0, 89.66410256410256)
(1659043978.0, 89.7024)
(1659050652.5, 89.72478260869566)
(1659057925.0, 89.66548672566371)
(1659066111.5, 89.74503816793894)
(1659087572.0, 89.73925925925927)
(1659107636.0, 89.69444444444444)
(1659113650.0, 89.81052631578949)
(1659119669.0, 89.775)
(1659130287.0, 89.78093220338984)
(1659140912.0, 89.77706422018349)
(1659220056.0, 89.77035398230089)
(1659298546.0, 89.78240740740742)
(1659303168.5, 89.79393939393941)
(1659307942.0, 89.89159292035399)
(1659315535.0, 89.80695652173914)
(1659345374.5, 89.7357142857143)
(1659376466.0, 89.715)
(1659385317.5, 89.82772727272729)
(1659405090.5, 89.72083333333333)
(1659424780.0, 89.81309523809524)
(1659429609.5, 89.85141843971633)
(1659434552.0, 89.8644927536232)
(1659439678.0, 89.83671875)
(1659454661.5, 89.84580152671757)
(1659469318.0, 89.85318181818182)
(1659473938.5, 89.84358974358975)
(1659478715.5, 89.91134453781513)
(1659483605.0, 89.9122807017544)
(1659488634.0, 89.86640000000001)
(1659494485.0, 89.92675438596491)
(1659582806.0, 89.79965986394559)
(1659669648.5, 89.79732142857144)
(1659673241.0, 89.87735042735044)
(1659676812.5, 89.84024390243903)
(1659680359.0, 89.89108527131783)
(1659684092.5, 89.86935483870968)
(1659688097.0, 89.97814814814815)
(1659692419.5, 89.93104838709678)
(1659726991.0, 89.77025862068966)
(1659787498.0, 89.73777777777778)
(1659817452.5, 89.84545454545456)
(1659820921.5, 89.80913043478262)
(1659824394.0, 89.8959349593496)
(1659828210.0, 89.84449541284404)
(1659832468.5, 89.92142857142858)
(1659837082.5, 89.90276073619633)
(1659841689.0, 89.87158273381296)
(1659846391.5, 89.91848739495799)
(1659851374.0, 89.88880597014926)
(1659862049.0, 89.95897435897436)
(1659871882.0, 89.88954545454546)
(1659875239.0, 89.92421875000001)
(1659878629.0, 89.94126984126984)
(1659881958.5, 89.96422413793104)
(1659885351.0, 89.98109243697479)
(1659914908.0, 89.78474576271188)
(1659944477.0, 89.9042372881356)
(1659983951.5, 89.94563492063493)
(1660022987.0, 89.87065217391304)
(1660025708.0, 89.83139534883722)
(1660028587.0, 89.88235294117648)
(1660031588.0, 89.81356589147288)
(1660034831.5, 89.82786885245902)
(1660038186.5, 89.85853658536587)
(1660041590.0, 89.87280000000001)
(1660045215.5, 89.85372340425533)
(1660049082.0, 89.91282051282052)
(1660059663.5, 89.9066371681416)
(1660069984.0, 89.88104838709678)
(1660074445.5, 89.93097345132743)
(1660079234.0, 90.02557251908397)
(1660082944.5, 89.95354330708662)
(1660086348.0, 89.91548672566373)
(1660124362.0, 89.96694214876034)
(1660162313.5, 89.77375)
(1660165370.5, 89.81573426573428)
(1660168230.5, 89.92317073170732)
(1660171225.5, 89.84556451612904)
(1660174225.0, 89.88537735849057)
(1660177303.5, 89.80176991150444)
(1660180584.0, 90.00730769230769)
(1660184143.5, 89.93074074074075)
(1660188029.5, 89.9528)
(1660192173.0, 90.02637795275591)
(1660196433.5, 89.90901639344263)
(1660224327.5, 89.79621212121214)
(1660251437.0, 89.83464566929135)
(1660254256.0, 89.8733870967742)
(1660257093.0, 89.86794871794872)
(1660259895.5, 89.952)
(1660262923.0, 89.91615384615385)
(1660266167.5, 89.87080291970804)
(1660269849.0, 89.92875000000001)
(1660273849.5, 89.93238095238095)
(1660277975.5, 89.93791666666667)
(1660305613.5, 89.943006993007)
(1660332700.5, 89.86031746031748)
(1660335837.0, 89.87235772357724)
(1660338946.5, 89.86564885496183)
(1660342235.5, 89.96181102362205)
(1660352594.0, 89.83271028037385)
(1660382669.0, 89.82622950819673)
(1660405724.0, 89.85852713178295)
(1660408714.0, 90.02007575757575)
(1660411458.0, 89.90325203252033)
(1660414464.0, 89.98388429752066)
(1660417762.5, 89.95)
(1660421100.5, 90.02045454545454)
(1660424455.5, 89.9890756302521)
(1660428007.0, 90.0116935483871)
(1660431790.0, 89.96304347826087)
(1660435738.0, 89.99318181818182)
(1660439855.0, 89.96478260869566)
(1660444200.0, 89.97272727272727)
(1660491275.0, 89.75070921985817)
(1660537477.0, 89.69322033898305)
(1660540127.5, 89.6429203539823)
(1660542748.5, 89.72773722627738)
(1660545493.0, 89.76116071428572)
(1660548372.0, 90.04098360655738)
(1660551362.0, 90.06564885496182)
(1660554468.0, 90.05188679245283)
(1660557664.5, 90.09496124031007)
(1660561443.0, 89.85640000000001)
(1660580788.5, 89.9518115942029)
(1660599388.0, 89.85526315789474)
(1660602266.0, 89.84964539007093)
(1660660967.0, 89.85165289256199)
(1660719939.0, 89.834126984127)
(1660723324.5, 89.85391304347827)
(1660726736.0, 89.94222222222223)
(1660730550.0, 89.90378787878788)
(1660734643.0, 89.80601851851853)
(1660738774.0, 89.91347826086957)
(1660743115.0, 89.95639097744362)
(1660747946.0, 89.93258928571429)
(1660812120.5, 89.8759090909091)
(1660875018.0, 89.8108208955224)
(1660877829.5, 89.76458333333335)
(1660886457.0, 89.71422413793104)
(1660894936.0, 89.76693548387098)
(1660897523.5, 89.81423357664235)
(1660900463.0, 89.8423076923077)
(1660903857.5, 89.90084033613446)
(1660906994.5, 89.891452991453)
(1660909967.5, 89.88838028169015)
(1660913119.0, 89.8966386554622)
(1660916415.0, 89.92083333333333)
(1660919864.5, 89.852)
(1660923625.5, 89.91906779661018)
(1660927647.5, 89.85241935483872)
(1660934152.0, 89.96486486486486)
(1660945090.5, 89.93893805309735)
(1660971394.0, 89.80789473684212)
(1660992993.5, 89.84395161290324)
(1660996027.0, 89.93604651162791)
(1660998633.0, 90.0287037037037)
(1661001390.5, 89.89259259259259)
(1661004212.0, 89.99038461538461)
(1661007105.0, 89.92777777777778)
(1661010151.5, 89.9186507936508)
(1661013328.0, 90.01592592592593)
(1661016636.0, 90.00736434108526)
(1661020092.5, 90.02992125984252)
(1661023739.5, 90.01942148760331)
(1661031861.0, 89.75215053763442)
(1661039630.5, 89.87857142857143)
(1661042512.5, 90.01560283687944)
(1661045220.5, 89.92635658914729)
(1661048178.0, 89.9764)
(1661051390.0, 89.9828125)
(1661061340.5, 89.84400000000001)
(1661081731.0, 90.00314960629922)
(1661095562.5, 89.99774774774775)
(1661099222.5, 90.01472868217054)
(1661109068.5, 89.8046218487395)
(1661118445.0, 89.74488188976379)
(1661121221.0, 89.81428571428573)
(1661124082.0, 89.88188976377954)
(1661127206.0, 89.8315)
(1661130244.5, 89.80128205128206)
(1661133384.0, 89.86984732824428)
(1661136747.5, 89.82769230769232)
(1661140066.5, 89.82949640287771)
(1661143612.0, 89.80856164383563)
(1661147497.0, 89.72751937984496)
(1661151464.0, 89.89120000000001)
(1661155425.5, 89.73727272727274)
(1661159642.0, 89.79844961240312)
(1661164156.5, 89.82901785714287)
(1661194361.0, 89.75952380952381)
(1661223628.5, 89.70696721311475)
(1661226386.5, 89.78868613138687)
(1661229225.5, 89.78458333333334)
(1661232164.0, 89.77733812949641)
(1661235239.0, 89.76)
(1661238482.5, 89.84685314685315)
(1661241804.5, 89.87136752136753)
(1661245408.5, 89.78392857142858)
(1661249227.0, 89.78560000000002)
(1661253234.5, 89.76601562500001)
(1661557752.5, 89.85652173913044)
(1664416111.0, 89.28534482758621)
(1664566941.5, 89.72567567567567)
(1664584288.0, 89.72235772357725)
(1664591256.0, 89.76491228070176)
(1664608499.0, 89.69921875)
(1664624632.0, 89.61653846153845)
(1664628751.5, 89.75962962962964)
(1664631857.5, 89.83558558558559)
(1664635112.0, 89.94296296296297)
(1664638578.0, 89.975)
(1664642460.0, 89.91850393700788)
(1664646554.5, 89.8779069767442)
(1664650650.5, 89.83740157480315)
(1664654936.5, 89.91380597014926)
(1664659472.0, 89.8779069767442)
(1664670483.0, 89.94786324786325)
(1664680606.5, 89.78653846153847)
(1664683607.5, 89.84565217391305)
(1664686795.0, 89.89440298507463)
(1664690225.0, 89.86767241379312)
(1664693857.0, 89.88666666666667)
(1664697673.5, 89.94409722222223)
(1664701703.5, 89.92177419354839)
(1664705950.0, 90.02068965517242)
(1664710427.0, 89.94469026548673)
(1664715202.5, 89.98)
(1664731139.5, 89.98536585365854)
(1664745933.0, 90.0301724137931)
(1664748627.5, 90.01163793103449)
(1664773696.0, 90.04274193548387)
(1664798696.5, 89.77869565217392)
(1664801769.0, 89.85166666666667)
(1664804823.0, 89.91741071428572)
(1664807432.0, 90.01727272727273)
(1664810204.0, 89.98175675675675)
(1664813150.0, 89.9504854368932)
(1664816188.0, 89.99579831932773)
(1664819318.0, 90.0976)
(1664822646.5, 90.07317073170731)
(1664832756.5, 89.89256198347108)
(1664842353.5, 89.95348837209302)
(1664844893.5, 89.97761904761904)
(1664847590.0, 89.99090909090908)
(1664850358.0, 90.04745762711865)
(1664853269.0, 90.06986301369862)
(1664856407.0, 89.96678571428572)
(1664859672.5, 90.07295081967213)
(1664863054.0, 90.0188)
(1664866615.5, 90.02695652173912)
(1664870321.0, 89.99029850746268)
(1664874246.5, 89.98100775193798)
(1664878509.0, 90.04920634920634)
(1664903151.0, 89.92540322580646)
(1664926727.5, 89.96525423728814)
(1664929071.0, 90.02868852459017)
(1664931744.0, 90.02923728813559)
(1664934651.5, 90.01315789473684)
(1664937435.0, 90.01728971962616)
(1664940431.0, 89.98025210084033)
(1664943914.0, 89.99139344262295)
(1664947336.0, 89.99111111111111)
(1664950524.5, 89.9390625)
(1664975194.5, 89.95251798561151)
(1664999388.5, 89.96551724137932)
(1665027818.0, 89.93937007874015)
(1665108875.5, 89.80962962962964)
(1665163799.5, 89.79485981308412)
(1665166090.5, 89.76782608695653)
(1665168429.0, 89.69364406779661)
(1665170869.0, 89.67007874015748)
(1665173422.5, 89.64880952380952)
(1665176106.5, 89.73260869565217)
(1665178884.0, 89.64433962264151)
(1665181785.5, 89.77000000000001)
(1665184854.0, 89.75434782608697)
(1665188071.0, 89.70590551181103)
(1665191422.5, 89.83708333333334)
(1665194921.0, 89.96198347107438)
(1665198612.0, 90.0174074074074)
(1665214634.0, 90.00570175438597)
(1665230477.0, 89.65107142857143)
(1665233396.0, 89.88937007874016)
(1665235823.0, 89.83663793103449)
(1665238337.5, 90.01349206349207)
(1665240957.0, 90.00569105691056)
(1665243675.0, 90.0126923076923)
(1665246479.0, 89.9862385321101)
(1665249430.5, 89.95079365079366)
(1665252590.0, 90.0062015503876)
(1665255880.5, 90.00333333333333)
(1665259318.5, 90.10695652173912)
(1665304748.5, 90.15454545454546)
(1665349626.5, 89.77830188679246)
(1665352006.5, 89.79464285714286)
(1665354309.5, 89.9452)
(1665356607.5, 89.90375)
(1665358918.0, 89.94153225806451)
(1665361303.5, 89.95503875968993)
(1665363804.0, 89.94032258064516)
(1665371110.5, 90.00135135135135)
(1665378720.0, 89.96637168141594)
(1665381962.5, 89.97478632478632)
(1665385419.0, 89.89963235294118)
(1665389099.5, 89.91909090909091)
(1665401480.0, 89.97190082644629)
(1665413178.0, 89.86801801801802)
(1665415549.5, 89.96229508196721)
(1665417875.5, 89.88267716535434)
(1665420986.5, 89.93860294117647)
(1665424149.5, 89.88140495867769)
(1665426686.0, 89.91386554621849)
(1665429447.0, 89.9187969924812)
(1665432270.0, 90.07)
(1665435134.0, 89.92)
(1665438207.5, 89.99330708661418)
(1665441462.5, 89.93518518518519)
(1665446772.5, 89.92653846153847)
(1665452262.5, 89.90787671232877)
(1665456063.5, 89.88991596638657)
(1665463388.5, 89.92466216216216)
(1665469957.0, 89.96507936507936)
(1665472342.5, 89.96913043478261)
(1665474720.0, 89.95852713178294)
(1665477102.0, 89.92099236641222)
(1665479499.0, 90.02851239669421)
(1665481977.0, 89.9312)
(1665511257.5, 89.80905172413794)
(1665540472.0, 89.8108695652174)
(1665543054.0, 89.8482456140351)
(1665545665.5, 89.97290076335878)
(1665548067.0, 89.90952380952382)
(1665589819.5, 89.97282608695652)
(1665631600.0, 89.72245762711864)
(1665633984.0, 89.83692307692309)
(1665636336.0, 89.831640625)
(1665638690.0, 89.91564885496183)
(1665641063.5, 89.85486725663718)
(1665643444.0, 89.88333333333334)
(1665645862.5, 89.9337962962963)
(1665648351.5, 89.87142857142858)
(1665650943.5, 89.94147286821706)
(1665653640.0, 89.88826086956523)
(1665656425.0, 89.92481751824818)
(1665659336.0, 90.03383458646617)
(1665662557.5, 89.9687969924812)
(1665665940.0, 89.91818181818182)
(1665669335.5, 89.98815789473684)
(1665689147.0, 90.02826086956522)
(1665708635.5, 89.93402777777779)
(1665711211.5, 89.85570175438598)
(1665713538.5, 89.90537190082645)
(1665748037.0, 89.72977941176471)
(1665782934.5, 89.93125)
(1665793819.5, 89.7211009174312)
(1665815590.5, 89.53999999999999)
(1665835338.5, 89.70954198473282)
(1665844716.0, 89.96538461538462)
(1665857242.5, 89.9108695652174)
(1665869129.0, 89.92931034482758)
(1665871852.5, 89.85950413223141)
(1665874410.0, 89.97090163934426)
(1665876948.5, 89.93412698412699)
(1665879498.0, 89.99798387096774)
(1665882126.5, 90.02560975609757)
(1665884884.0, 90.0)
(1665887809.5, 90.01902985074626)
(1665890824.5, 89.97170542635659)
(1665893913.0, 90.08252427184466)
(1665897163.0, 90.10884615384614)
(1665900697.0, 89.99850746268656)
(1665904423.5, 89.92898550724638)
(1665908263.5, 90.02170542635659)
(1665912258.5, 90.00108695652175)
(1665916436.5, 90.0145390070922)
(1665920888.0, 90.00952380952381)
(1665931839.5, 89.93759689922481)
(1665941780.5, 89.72385321100919)
(1665944348.5, 89.92265625)
(1665946910.5, 89.8655737704918)
(1665950092.5, 89.8475806451613)
(1665953334.0, 89.83794642857144)
(1665956044.5, 89.82357723577236)
(1665958882.5, 89.82824074074075)
(1665961867.5, 89.92731481481482)
(1665965001.5, 89.87522522522524)
(1665968248.5, 89.9608870967742)
(1665971627.5, 89.93214285714286)
(1665975169.0, 89.91468253968254)
(1665978965.0, 90.04745762711865)
(1666103122.5, 89.7975806451613)
(1666226530.5, 89.82589928057556)
(1666228976.5, 89.83547008547009)
(1666231409.5, 89.7852)
(1666233873.5, 89.759243697479)
(1666236347.0, 89.69772727272728)
(1666238978.5, 89.55756302521009)
(1666241642.0, 89.4781512605042)
(1666244246.0, 89.46666666666667)
(1666246973.5, 89.56044776119403)
(1666261968.0, 89.83201438848921)
(1666276823.5, 89.93953488372094)
(1666279334.5, 90.04599999999999)
(1666281815.0, 90.00871559633028)
(1666284281.0, 90.08855932203389)
(1666286784.5, 90.03511450381679)
(1666289342.5, 90.03050847457627)
(1666291965.0, 90.07777777777777)
(1666296072.5, 90.07724358974359)
(1666300327.5, 90.04257812499999)
(1666303319.5, 90.02461538461539)
(1666306599.5, 90.04369747899159)
(1666350723.0, 89.84262295081967)
(1666394463.5, 89.73405172413794)
(1666397062.0, 90.0028)
(1666399472.0, 89.94080000000001)
(1666402301.5, 89.98389830508475)
(1666405175.5, 89.9801652892562)
(1666407690.0, 90.02314814814815)
(1666410290.0, 90.03321167883212)
(1666413024.0, 90.00212765957447)
(1666416151.5, 90.02148760330579)
(1666419403.5, 90.02007575757575)
(1666423228.5, 90.0848148148148)
(1666427196.0, 90.130859375)
(1666430688.5, 90.02518248175183)
(1666434395.5, 90.03695652173913)
(1666445461.5, 90.06470588235294)
(1666455981.0, 89.97843137254903)
(1666458579.0, 89.99959349593496)
(1666461083.5, 90.07465277777777)
(1666463620.0, 90.0561224489796)
(1666466145.5, 90.11942446043165)
(1666468621.0, 90.05576923076923)
(1666471120.0, 90.0564)
(1666473843.5, 89.99414414414414)
(1666476674.0, 89.87208333333334)
(1666483799.0, 89.80583333333334)
(1666490765.5, 89.8508695652174)
(1666493215.5, 89.91359649122808)
(1666495675.0, 89.93604651162791)
(1666498126.5, 89.91954887218046)
(1666500636.5, 89.92111111111112)
(1666503197.0, 89.87661290322582)
(1666505783.0, 89.9144)
(1666508444.5, 89.93772727272727)
(1666511224.5, 89.99444444444444)
(1666514153.5, 89.95189393939394)
(1666517195.5, 89.99907407407407)
(1666520376.0, 89.98962962962963)
(1666523681.5, 89.92862903225807)
(1666527107.0, 90.06259842519685)
(1666534872.5, 89.92927927927929)
(1666542267.5, 89.95875000000001)
(1666544883.5, 89.94698275862069)
(1666547381.5, 89.9983108108108)
(1666550447.0, 90.08407079646017)
(1666553679.5, 89.89007352941177)
(1666556396.0, 90.00330578512397)
(1666559000.5, 90.06079136690647)
(1666562121.0, 89.97830882352942)
(1666565504.5, 89.90037037037038)
(1666568605.5, 89.95486725663717)
(1666571714.0, 90.0054794520548)
(1666574985.0, 89.93647540983606)
(1666578393.0, 90.03606557377049)
(1666582063.0, 90.11583333333333)
(1666596686.5, 89.92539682539683)
(1666622958.5, 89.77386363636364)
(1666647436.0, 89.72483660130719)
(1666659661.5, 89.80652173913045)
(1666662240.0, 89.78818897637797)
(1666664739.5, 89.90338983050847)
(1666667242.5, 89.99419642857143)
(1666669752.0, 89.87819548872181)
(1666672265.5, 89.95538461538462)
(1666674831.0, 89.88571428571429)
(1666677487.5, 90.00286885245902)
(1666681112.5, 90.00238095238095)
(1666685126.5, 89.95743801652893)
(1666688459.0, 89.97056451612903)
(1666691775.0, 89.98703703703704)
(1666705213.0, 89.95054347826087)
(1666720549.0, 89.91531531531533)
(1666733975.5, 89.91153846153847)
(1666745199.5, 90.04714285714286)
(1666748061.0, 89.98452380952381)
(1666751087.0, 89.9927927927928)
(1666754289.5, 89.97500000000001)
(1666757407.0, 90.015625)
(1666784743.0, 89.74185185185186)
(1666812031.5, 89.85967741935485)
(1666815074.5, 89.8308943089431)
(1666817982.5, 89.84672897196262)
(1666820628.0, 89.92735849056604)
(1666823325.5, 89.84017094017095)
(1666826022.5, 89.90158730158731)
(1666828692.5, 89.921875)
(1666831389.5, 89.8881679389313)
(1666834170.0, 89.89700854700855)
(1666837516.0, 89.96186440677967)
(1666841048.5, 90.00546218487395)
(1666844329.5, 90.00615384615385)
(1666847710.0, 89.94959677419355)
(1666851220.5, 89.995703125)
(1666854918.0, 90.06428571428572)
(1666858770.5, 90.04365671641791)
(1666862833.5, 90.00787671232877)
(1666872326.0, 89.89375000000001)
(1666881065.0, 89.9787037037037)
(1666883712.5, 89.94504504504505)
(1666886337.5, 89.99922480620155)
(1666889001.5, 89.91782608695652)
(1666891660.0, 89.955078125)
(1666899171.5, 89.92045454545455)
(1666906611.0, 89.95840336134454)
(1666909130.5, 90.03965517241379)
(1666911674.5, 90.01280991735537)
(1666914214.5, 90.0603448275862)
(1666916768.0, 90.01822033898306)
(1666919346.5, 90.06021897810218)
(1666921945.5, 90.01964285714286)
(1666924599.5, 90.06393442622951)
(1666927525.5, 89.9732283464567)
(1666930605.0, 89.9171052631579)
(1666933660.0, 89.91803278688525)
(1666936858.0, 89.97941176470589)
(1666940223.0, 89.9995575221239)
(1666943770.0, 90.03539823008849)
(1666947540.5, 89.9362385321101)
(1666956627.5, 89.86914893617022)
(1666965299.5, 89.8029411764706)
(1666968144.0, 89.97326732673268)
(1666970892.5, 89.990625)
(1666980892.5, 89.94590163934427)
(1666990775.0, 89.897265625)
(1666993339.5, 89.86214285714287)
(1666995858.5, 89.92083333333333)
(1666998405.0, 89.91338582677166)
(1667000972.0, 90.00125)
(1667003521.0, 89.97288732394367)
(1667006088.5, 89.93717948717949)
(1667015830.5, 89.93346774193549)
(1667025531.5, 89.88526785714286)
(1667028069.5, 89.83076923076923)
(1667030656.5, 89.93297101449275)
(1667033238.5, 89.93151260504202)
(1667035757.5, 89.88149606299213)
(1667038419.5, 89.94128787878788)
(1667041109.5, 89.86879699248121)
(1667043681.5, 89.94615384615385)
(1667046318.0, 89.98318965517241)
(1667049061.5, 90.01034482758621)
(1667051918.5, 90.00739130434782)
(1667054935.5, 89.97424242424242)
(1667058069.0, 90.03045112781955)
(1667061322.5, 89.99173913043478)
(1667064774.5, 89.89765625000001)
(1667068430.0, 89.98444444444445)
(1667072311.0, 90.01339285714286)
(1667081023.5, 89.87786259541986)
(1667089011.5, 89.90696721311475)
(1667091559.0, 89.90241935483871)
(1667094084.5, 89.94375000000001)
(1667096675.5, 89.8475806451613)
(1667099736.0, 89.99866071428572)
(1667102860.5, 89.87459016393443)
(1667105566.0, 89.9780701754386)
(1667108229.5, 89.98565573770492)
(1667118069.5, 89.95242718446602)
(1667127854.5, 89.98375)
(1667156671.0, 89.93317757009346)
(1667187938.5, 89.92706766917294)
(1667192990.0, 89.82596899224808)
(1667195604.0, 89.96546391752578)
(1667198196.0, 89.9988)
(1667201102.0, 89.98630136986301)
(1667204185.0, 89.95714285714286)
(1667222146.0, 89.87290076335879)
(1667239949.5, 89.9288617886179)
(1667242550.0, 89.94269230769231)
(1667245156.5, 89.8408695652174)
(1667262500.0, 89.82218045112783)
(1667279828.5, 89.86101694915256)
(1667282386.5, 89.8423076923077)
(1667284936.0, 89.87307692307694)
(1667287513.5, 89.97213114754099)
(1667290140.0, 89.9342105263158)
(1667292777.5, 89.9992125984252)
(1667295361.0, 89.95353982300885)
(1667297985.5, 90.0095041322314)
(1667300732.5, 90.05234374999999)
(1667303611.0, 89.97685950413224)
(1667306676.0, 89.97254098360656)
(1667309834.0, 90.04389312977099)
(1667319088.0, 90.01410256410256)
(1667328070.5, 89.83925619834712)
(1667330679.0, 89.85900900900901)
(1667333274.0, 89.93577235772358)
(1667335859.0, 89.9349593495935)
(1667338448.5, 89.94318181818183)
(1667341057.0, 89.94612403100776)
(1667343669.0, 90.00335820895522)
(1667346297.0, 89.94203539823009)
(1667348988.0, 89.96818181818182)
(1667351766.5, 90.04172932330827)
(1667354653.5, 89.99717741935484)
(1667357690.5, 89.988)
(1667360901.5, 90.00658914728682)
(1667364285.0, 90.07654867256636)
(1667367862.0, 90.09363636363636)
(1667371707.0, 90.11861313868613)
(1667375933.0, 90.08146853146853)
(1667384602.0, 89.9426724137931)
(1667392550.5, 89.94292452830189)
(1667395403.0, 89.92403100775194)
(1667398070.5, 89.93256880733945)
(1667400700.0, 90.01016949152542)
(1667403320.0, 89.98516949152543)
(1667405915.0, 90.0478102189781)
(1667408504.0, 89.9983193277311)
(1667411124.5, 90.08943089430893)
(1667413811.5, 89.97310606060606)
(1667416589.5, 89.9916)
(1667419456.0, 90.02298387096774)
(1667422469.5, 89.97037037037038)
(1667425655.5, 90.08018018018018)
(1667429025.5, 90.01333333333334)
(1667437011.0, 89.9734693877551)
(1667444549.5, 89.94739130434783)
(1667447167.0, 89.98875968992247)
(1667449771.5, 89.97162162162162)
(1667452373.0, 89.99172413793103)
(1667455017.0, 89.93859649122807)
(1667457686.5, 90.00116279069768)
(1667460392.5, 90.01013513513513)
(1667463160.0, 90.00354838709677)
(1667466057.5, 90.01955128205128)
(1667487907.0, 90.02412280701755)
(1667509721.5, 89.8329268292683)
(1667512504.0, 89.8842105263158)
(1667515135.0, 89.98529411764706)
(1667517760.0, 89.9560606060606)
(1667520400.0, 89.92708333333334)
(1667523050.0, 90.03615384615384)
(1667525707.0, 89.98333333333333)
(1667528470.5, 89.9488)
(1667531334.0, 89.98451327433628)
(1667534263.0, 90.02128378378379)
(1667537357.0, 90.03928571428571)
(1667540629.0, 90.04924242424242)
(1667571601.5, 89.89473684210527)
(1667602218.5, 89.905)
(1667604877.5, 89.86458333333334)
(1667607517.0, 90.0150406504065)
(1667610179.0, 89.94791666666667)
(1667613236.0, 90.175)
(1667616332.5, 90.21375)
(1667627815.5, 90.1162962962963)
(1667639293.5, 90.0921875)
(1667642026.5, 90.07931034482758)
(1667644752.5, 90.15864661654135)
(1667647509.0, 90.11022727272727)
(1667650214.0, 90.17786885245901)
(1667652947.5, 90.18595041322314)
(1667655749.0, 90.1904)
(1667658810.0, 90.15384615384615)
(1667662046.0, 90.13911290322581)
(1667665334.5, 90.15368852459017)
(1667954249.5, 89.78920000000001)
(1668243129.0, 89.64583333333333)
(1668246510.5, 89.76452991452992)
(1668249997.0, 89.87884615384615)
(1668253679.0, 89.89153225806452)
(1668257614.5, 89.91551724137932)
(1668261824.0, 89.946875)
(1668270765.0, 89.93333333333334)
(1668278825.5, 89.89720279720281)
(1668281435.5, 89.82983193277312)
(1668284063.5, 89.84640287769786)
(1668286665.5, 89.83849206349207)
(1668289248.5, 89.87674418604652)
(1668291812.0, 89.8782786885246)
(1668294361.5, 89.96714285714286)
(1668296969.0, 89.95040650406504)
(1668299724.0, 89.95491803278689)
(1668302597.0, 90.00576923076923)
(1668305574.5, 89.94370078740158)
(1668308724.0, 89.88893805309735)
(1668312023.0, 90.0921875)
(1668315474.0, 90.09189189189189)
(1668319097.0, 90.0491452991453)
(1668322914.0, 90.1301652892562)
(1668326981.5, 90.1544776119403)
(1668340185.0, 89.93527131782946)
(1668352652.0, 89.9326530612245)
(1668355856.5, 90.00347826086957)
(1668399727.0, 89.88760683760684)
(1668443211.0, 89.81607142857143)
(1668446286.0, 89.88571428571429)
(1668449330.0, 89.79847328244276)
(1668452072.5, 89.91666666666667)
(1668454717.5, 89.82000000000001)
(1668457488.5, 89.89921875)
(1668460297.0, 89.8656)
(1668463661.0, 89.9)
(1668467122.5, 89.90494505494506)
(1668470093.0, 89.97863247863248)
(1668473211.0, 89.8409090909091)
(1668476502.0, 89.896)
(1668479989.0, 89.93608695652175)
(1668483634.0, 89.94452554744525)
(1668487428.0, 90.04672897196261)
(1668502763.5, 89.91301369863014)
(1668517547.5, 89.98608695652175)
(1668520265.5, 89.9610655737705)
(1668522885.5, 89.91782945736435)
(1668525540.5, 89.96059322033898)
(1668528252.5, 90.08732394366197)
(1668531042.5, 90.00880281690141)
(1668534008.0, 89.97961538461539)
(1668537088.0, 89.95560747663552)
(1668540312.0, 89.94075630252101)
(1668543763.5, 90.02619047619048)
(1668547392.0, 90.08504273504273)
(1668556323.0, 89.95112781954887)
(1668564878.0, 90.00569105691056)
(1668567798.0, 89.87791666666668)
(1668570654.0, 89.96596638655463)
(1668573389.0, 90.05757575757575)
(1668576015.0, 90.02403100775193)
(1668578604.0, 89.99117647058823)
(1668581238.0, 89.98407079646017)
(1668583939.0, 90.01285714285714)
(1668586737.0, 90.03504273504274)
(1668597426.0, 89.9266393442623)
(1668607996.0, 89.85362903225807)
(1668610637.0, 89.98101851851852)
(1668613268.5, 90.09450549450548)
(1668615919.0, 90.01428571428572)
(1668618577.5, 89.96555555555555)
(1668621473.5, 89.98267716535433)
(1668624537.5, 89.97457627118644)
(1668627394.0, 89.98366336633663)
(1668630160.5, 90.03578431372549)
(1668633049.0, 90.02177419354838)
(1668636121.5, 90.01434426229508)
(1668639356.0, 90.09274193548387)
(1668647113.5, 89.96203703703704)
(1668654642.5, 89.85384615384616)
(1668657482.5, 89.9844)
(1668660246.0, 90.096875)
(1668662918.0, 90.07051282051282)
(1668665715.5, 90.13348214285713)
(1668668516.0, 90.02567567567567)
(1668671187.0, 90.07478260869564)
(1668673914.5, 90.09420289855072)
(1668676713.0, 90.07137096774193)
(1668857197.5, 90.05869565217391)
(1669040069.0, 89.52608695652174)
(1669045209.5, 89.2091836734694)
(1669047849.5, 89.08362831858406)
(1669050471.0, 89.14793388429752)
(1669053137.5, 88.98205128205129)
(1669055895.0, 89.02125)
(1669058787.5, 89.0695652173913)
(1669061789.0, 89.10546218487394)
(1669064901.0, 89.4848)
(1669068193.0, 89.89462809917356)
(1669154131.5, 90.09824561403508)
(1669239699.5, 89.90708333333333)
(1669257660.0, 89.96209677419355)
(1669275701.5, 89.98197278911564)
(1669278521.0, 90.00073529411765)
(1669281200.5, 90.18266129032259)
(1669283757.5, 90.06559999999999)
(1669286315.5, 90.15321100917431)
(1669289061.5, 90.20546875000001)
(1669291815.5, 90.02678571428571)
(1669294577.0, 89.8851851851852)
(1669297603.5, 89.96512605042017)
(1669331965.5, 90.10454545454544)
(1669366101.0, 90.01640625)
(1669369159.5, 90.11093749999999)
(1669372200.5, 90.14173913043479)
(1669374835.5, 90.19901960784314)
(1669378154.0, 90.15232558139535)
(1669381474.5, 90.0856)
(1669403854.0, 89.98461538461538)
(1669426256.5, 90.04639999999999)
(1669428947.0, 90.01076923076923)
(1669431670.0, 90.07826086956521)
(1669434385.5, 90.01809523809524)
(1669437077.5, 90.09076923076923)
(1669439811.0, 90.1467213114754)
(1669442562.0, 90.10294117647058)
(1669445298.0, 90.19396551724138)
(1669448092.0, 90.0703125)
(1669451027.0, 90.17366071428572)
(1669454095.5, 90.20833333333334)
(1669457387.0, 90.15477941176471)
(1669460854.5, 90.17522935779817)
(1669464488.5, 90.13130841121495)
(1669468330.0, 90.18233082706767)
(1669472639.5, 90.21081081081081)
(1669477291.5, 90.15)
(1669492732.0, 90.06317829457365)
(1669507246.0, 90.06422018348623)
(1669509977.5, 90.16455223880597)
(1669512683.0, 90.19166666666666)
(1669515402.0, 90.1440594059406)
(1669518120.5, 90.23045112781955)
(1669520819.0, 90.23333333333333)
(1669524481.5, 90.13636363636364)
(1669528144.0, 90.17204724409449)
(1669530952.0, 90.20573770491804)
(1669533928.0, 90.2104347826087)
(1669562937.0, 90.17909836065574)
(1669591794.5, 90.13066037735848)
(1669594778.5, 90.2118320610687)
(1669597749.0, 90.02241379310345)
(1669600477.5, 90.16792452830188)
(1669603195.0, 90.17481751824818)
(1669605969.5, 90.14214285714286)
(1669608902.0, 90.2604)
(1669912805.5, 90.20375)
(1682541834.5, 89.80853658536587)
(1682785856.5, 89.87923076923077)
(1682807108.5, 89.88211382113822)
(1682834417.5, 89.86391304347826)
(1682866716.5, 89.96492537313434)
(1682892779.5, 89.91098484848486)
(1682993547.0, 89.92591240875913)
(1683083739.5, 89.92692307692307)
(1683089023.0, 89.9636)
(1683094461.5, 90.03863636363636)
(1683193398.5, 89.86910569105692)
(1683297008.5, 89.98384615384616)
(1683315784.0, 89.89395161290324)
(1683338299.0, 89.9890625)
(1683352170.0, 89.94516129032259)
(1683357470.0, 89.94346153846155)
(1683368491.5, 89.88589743589745)
(1683379161.5, 89.92137096774194)
(1683389305.5, 89.968359375)
(1683399609.5, 89.99420289855072)
(1683404689.0, 89.98980582524273)
(1683409896.5, 90.00871559633028)
(1683415066.5, 89.93636363636364)
(1683420271.0, 89.9388888888889)
(1683425789.0, 90.01434426229508)
(1683437057.5, 89.92708333333334)
(1683447879.5, 89.888)
(1683452837.5, 89.99556451612904)
(1683457668.0, 89.9652)
(1683462394.5, 90.02298387096774)
(1683467502.0, 90.02586206896551)
(1683473073.5, 90.01692913385827)
(1683479191.5, 90.07891156462584)
(1683488753.0, 90.12932330827067)
(1683496595.0, 90.11791666666666)
(1683500006.0, 90.08658536585365)
(1683503611.0, 90.14322033898304)
(1683507254.0, 90.20943396226416)
(1683510812.5, 90.20847457627119)
(1683548071.5, 90.08097345132742)
(1683585607.0, 89.81487603305786)
(1683589389.5, 89.8344696969697)
(1683592673.5, 89.81880733944955)
(1683595522.5, 89.82894736842107)
(1683598403.5, 89.85176991150443)
(1683601288.5, 89.83076923076923)
(1683604413.0, 89.86129032258066)
(1683607663.0, 89.91352459016395)
(1683610822.0, 90.0188596491228)
(1683614367.5, 89.92173913043479)
(1683618107.5, 89.92436974789916)
(1683621774.5, 89.968)
(1683637013.5, 89.8470297029703)
(1683652280.5, 89.85655737704919)
(1683655721.0, 89.9353146853147)
(1683659007.0, 89.9589430894309)
(1683662325.0, 89.86682692307693)
(1683665664.0, 89.81666666666668)
(1683669201.5, 89.93148148148148)
(1683672871.0, 89.85118110236222)
(1683676787.0, 89.97168141592921)
(1683685954.0, 89.96357142857143)
(1683695016.0, 89.88533834586467)
(1683698536.5, 89.9323076923077)
(1683701607.0, 89.95854700854701)
(1683704570.0, 89.99354838709678)
(1683707716.5, 89.9724409448819)
(1683711028.5, 89.99806201550388)
(1683714543.5, 90.11351351351351)
(1683718493.5, 90.01881188118811)
(1683734397.5, 89.86678832116789)
(1683750351.5, 89.8271551724138)
(1683754125.5, 89.93908045977012)
(1683757230.5, 89.95042735042735)
(1683760309.5, 89.99027777777778)
(1683763628.0, 89.9770642201835)
(1683767208.5, 89.9559633027523)
(1683771004.0, 89.92406015037595)
(1683787185.0, 90.03062015503876)
(1683802725.5, 89.9025925925926)
(1683805403.0, 90.00840336134453)
(1683808184.5, 90.025)
(1683811179.5, 89.98275862068965)
(1683814181.5, 89.92640845070423)
(1683817086.0, 90.10375939849624)
(1683820156.5, 89.93063063063063)
(1683823399.5, 89.99080000000001)
(1683826842.0, 90.06468253968254)
(1683830486.5, 89.99939024390244)
(1683868622.5, 89.94421487603306)
(1683906177.5, 89.97834645669292)
(1683908600.0, 89.89807692307693)
(1683910900.0, 89.96666666666667)
(1683914688.0, 89.98106796116505)
(1683918582.0, 89.99153225806451)
(1683921089.0, 89.96409090909091)
(1683923654.5, 90.03145161290323)
(1683926357.0, 89.91030534351145)
(1683929144.5, 89.93833333333333)
(1683932075.0, 89.99772727272727)
(1683935208.5, 89.97013422818792)
(1683938517.5, 90.02321428571429)
(1683941999.0, 90.10909090909091)
(1683946247.0, 90.05757575757575)
(1684005695.5, 89.91050420168068)
(1684063912.0, 89.86215277777778)
(1684066277.5, 89.9459349593496)
(1684068541.5, 89.90393700787402)
(1684070794.5, 89.90555555555557)
(1684073304.0, 89.79747474747475)
(1684075851.5, 89.78893805309735)
(1684078233.5, 89.79112903225807)
(1684080769.0, 89.74513274336284)
(1684083461.5, 89.78885135135137)
(1684086271.0, 89.77619047619048)
(1684089198.0, 89.8159090909091)
(1684092290.5, 89.92217741935484)
(1684095597.5, 89.98428571428572)
(1684099148.0, 90.01351351351352)
(1684115474.5, 90.01808510638298)
(1684131568.5, 89.96680327868853)
(1684134327.0, 89.95247933884298)
(1684136623.0, 89.89404761904763)
(1684138910.0, 89.90982142857143)
(1684141228.0, 89.99770992366412)
(1684143948.5, 89.93)
(1684146660.0, 89.88676470588236)
(1684149006.5, 89.84045801526719)
(1684151416.5, 89.933203125)
(1684153932.0, 89.96186440677967)
(1684156558.5, 89.9422131147541)
(1684159308.0, 89.97708333333334)
(1684162235.0, 90.09870689655172)
(1684165362.0, 89.94618644067796)
(1684168639.5, 89.99786324786325)
(1684180432.0, 89.98991596638656)
(1684191880.5, 89.95150000000001)
(1684194332.5, 89.9327868852459)
(1684196575.5, 89.95583333333333)
(1684198808.0, 89.9746212121212)
(1684201051.5, 90.00077519379845)
(1684203339.5, 89.97899159663865)
(1684205747.0, 89.96779661016949)
(1684208201.0, 89.99328859060402)
(1684210638.5, 89.99473684210527)
(1684253411.0, 89.84716312056739)
(1684296096.0, 89.84051724137932)
(1684298372.5, 89.9263888888889)
(1684300623.5, 89.90391304347827)
(1684303455.0, 89.86666666666667)
(1684306300.0, 89.87479338842977)
(1684308613.0, 89.90198019801981)
(1684311114.5, 89.90291262135923)
(1684313884.5, 89.90263157894738)
(1684316694.5, 90.00217391304348)
(1684319492.5, 89.95833333333334)
(1684322449.5, 89.94779411764706)
(1684344442.0, 89.94296875)
(1684366140.5, 89.9155462184874)
(1684368589.0, 89.75000000000001)
(1684371387.0, 89.93270676691729)
(1684374131.0, 90.00993150684931)
(1684376570.0, 89.92125)
(1684396491.0, 89.95036764705883)
(1684417878.0, 89.86600000000001)
(1684421753.0, 89.84351145038168)
(1684424043.5, 89.89508196721312)
(1684426342.5, 89.86102941176472)
(1684428607.5, 89.93571428571428)
(1684430845.5, 89.90378151260505)
(1684433168.5, 89.8873949579832)
(1684435593.0, 89.90766129032258)
(1684438088.0, 89.9418918918919)
(1684440666.0, 90.00172413793103)
(1684443361.0, 89.96526717557252)
(1684446205.5, 90.04031007751938)
(1684449208.0, 90.00357142857143)
(1684452403.5, 90.03026315789474)
(1684455798.5, 89.96600000000001)
(1684459375.0, 90.0925)
(1684463941.5, 90.06849315068493)
(1684493241.5, 90.12941176470588)
(1684521051.0, 90.0176)
(1684523454.5, 89.98611111111111)
(1684525764.5, 90.08109243697479)
(1684528095.0, 90.06899224806202)
(1684542136.0, 90.0797619047619)
(1684556155.0, 90.00391304347826)
(1684558449.0, 90.0624060150376)
(1684560707.5, 90.0733606557377)
(1684602945.5, 89.84537037037038)
(1684645241.5, 89.84034482758622)
(1684647576.5, 89.94490740740741)
(1684649889.0, 89.89793388429753)
(1684652169.5, 89.82976190476191)
(1684654459.0, 89.88389830508476)
(1684668229.5, 89.8116788321168)
(1684682234.5, 89.74849624060151)
(1684684741.5, 89.83451327433629)
(1684706497.0, 89.8675925925926)
(1684753803.0, 89.83024193548388)
(1684781541.0, 89.74949494949496)
(1684783654.0, 89.83151260504202)
(1684785755.5, 89.82906976744187)
(1684793758.0, 89.78464912280702)
(1684802110.0, 89.81761904761906)
(1684804609.0, 89.81320754716982)
(1684806746.0, 89.78371212121213)
(1684808860.0, 89.9594262295082)
(1684810953.5, 89.89827586206897)
(1684813195.0, 89.94666666666667)
(1684815452.5, 89.92844827586207)
(1684817562.0, 89.92254098360657)
(1684819671.5, 89.96666666666667)
(1684821831.5, 89.98492063492064)
(1684824080.0, 90.00369127516778)
(1684826412.5, 89.93037037037037)
(1684828851.5, 89.98086956521739)
(1684831569.0, 89.8788617886179)
(1684834448.5, 89.9448)
(1684837308.0, 89.89172932330828)
(1684840334.0, 89.96428571428572)
(1684863704.5, 89.99454545454546)
(1684886767.0, 89.72209302325582)
(1684889330.0, 89.81065573770493)
(1684891655.0, 89.88130434782609)
(1684893726.0, 89.99491525423728)
(1684895795.5, 89.92173913043479)
(1684897867.5, 90.00909090909092)
(1684899963.5, 89.98070175438596)
(1684902038.5, 89.93636363636364)
(1684904120.0, 89.9928)
(1684906219.0, 89.94722222222222)
(1684908356.0, 89.96691176470588)
(1684910553.0, 89.97777777777777)
(1684912948.5, 90.01829268292683)
(1684915428.5, 89.99274193548388)
(1684917849.0, 90.07067669172932)
(1684920395.0, 90.02280701754385)
(1684923094.0, 90.01045454545455)
(1684925924.0, 90.09730769230768)
(1684928899.5, 90.02121212121212)
(1684932049.0, 90.04314516129033)
(1684935364.0, 90.01869158878505)
(1684944752.0, 89.97388059701493)
(1684953515.5, 89.86500000000001)
(1684955797.0, 90.10315315315314)
(1684958376.5, 89.99124087591241)
(1684960800.5, 90.07952755905511)
(1684962944.0, 90.07897196261682)
(1684965121.0, 90.02941176470588)
(1684967476.0, 90.12786259541984)
(1684969943.0, 90.03046875)
(1684972282.0, 90.1189075630252)
(1684974541.5, 90.05902777777777)
(1684976828.5, 90.08333333333333)
(1684979389.5, 90.0072)
(1684982048.5, 90.07162162162162)
(1684984678.0, 90.02038834951456)
(1684987492.5, 90.08076923076922)
(1684990451.0, 90.06478260869565)
(1685233083.5, 89.77845528455285)
(1685484723.5, 89.79323308270678)
(1685497499.0, 89.7556)
(1685562339.0, 89.83053435114505)
(1685627203.0, 89.69314516129033)
(1685631084.0, 89.69485294117648)
(1685634387.0, 89.72375000000001)
(1685637852.5, 89.68041666666667)
(1685641481.0, 89.7092741935484)
(1685655600.0, 89.74793103448276)
(1685669333.5, 89.86940298507463)
(1685672392.5, 89.82339449541286)
(1685675683.0, 89.84957264957266)
(1685679200.5, 89.9104347826087)
(1685682972.0, 89.88782608695652)
(1685687049.5, 89.93333333333334)
(1685705618.5, 89.81162790697675)
(1685724090.0, 89.78284671532847)
(1685727632.0, 89.83319327731094)
(1685730703.5, 89.89391304347826)
(1685733791.5, 89.805)
(1685736940.5, 89.90410447761195)
(1685746234.0, 89.90853658536587)
(1685755563.0, 89.86310679611651)
(1685758737.5, 89.9327731092437)
(1685761796.0, 89.88705357142858)
(1685764896.5, 89.8408695652174)
(1685768167.0, 89.91844262295082)
(1685771657.5, 89.8575)
(1685775350.0, 89.86846846846848)
(1685779324.5, 90.01834862385321)
(1685783728.5, 89.98849557522124)
(1685791970.0, 89.91390977443609)
(1685799432.0, 89.89242424242425)
(1685819877.0, 89.82297297297298)
(1685840240.0, 89.87773109243699)
(1685843061.0, 89.86666666666667)
(1685845766.0, 89.93050847457627)
(1685848459.0, 89.83577586206897)
(1685851187.0, 89.89869565217391)
(1685854056.0, 89.91008403361344)
(1685857132.5, 89.9910569105691)
(1685860386.0, 89.87919708029197)
(1685863872.0, 89.9395652173913)
(1685867648.0, 89.94159292035398)
(1685879545.0, 89.8756)
(1685890708.5, 89.77233009708739)
(1685892990.0, 89.88391304347827)
(1685895140.5, 89.82522123893806)
(1685897267.0, 90.01621621621622)
(1685910209.0, 89.99364406779661)
(1685923718.5, 89.99496124031008)
(1685926541.0, 89.9672)
(1685929068.5, 90.0077868852459)
(1685931730.0, 89.98270676691729)
(1685934557.5, 89.97439024390243)
(1685937610.5, 89.94197080291971)
(1685940827.5, 90.02738095238095)
(1685944196.0, 89.9801724137931)
(1685947795.5, 90.00084745762712)
(1685960969.0, 90.01038461538461)
(1685973634.5, 89.88385826771655)
(1685976062.5, 89.8810924369748)
(1685978207.5, 89.87268907563026)
(1685980338.0, 89.84292035398231)
(1685982500.0, 89.94956896551724)
(1685984769.5, 89.91810344827587)
(1685987185.5, 89.82877358490568)
(1685989764.5, 89.9423076923077)
(1685992480.0, 89.98608695652175)
(1685995330.5, 89.97038834951456)
(1685998346.0, 90.00357142857143)
(1686001601.0, 90.01858407079646)
(1686013851.0, 90.02455357142857)
(1686025742.5, 89.86404958677687)
(1686028156.0, 89.91785714285714)
(1686030303.5, 89.9796)
(1686032465.5, 90.0004)
(1686034642.5, 89.98333333333333)
(1686036796.0, 90.04094488188976)
(1686039083.0, 90.02869565217391)
(1686041470.5, 89.93025210084033)
(1686043868.5, 89.9624060150376)
(1686046378.0, 89.9152)
(1686048997.0, 89.9468253968254)
(1686051783.0, 89.95474137931035)
(1686055289.5, 89.98772727272727)
(1686058957.5, 89.90854700854702)
(1686062232.5, 90.00678571428571)
(1686065670.5, 90.01260869565218)
(1686069352.0, 90.02967479674797)
(1686073269.5, 89.93391304347827)
(1686077404.5, 89.9718253968254)
(1686086472.5, 89.98495575221239)
(1686094523.0, 89.99624060150376)
(1686096703.5, 89.90419847328245)
(1686098822.0, 90.00038461538462)
(1686100920.5, 89.91956521739131)
(1686103035.5, 89.94456521739131)
(1686105187.0, 89.98452380952381)
(1686107394.0, 90.03119266055046)
(1686109689.5, 90.00260416666667)
(1686112086.5, 90.03225806451613)
(1686114608.5, 89.96077586206897)
(1686117307.0, 90.00528846153846)
(1686120202.5, 89.92912621359224)
(1686123184.5, 89.96578947368421)
(1686126235.0, 89.97032520325203)
(1686156986.0, 89.97463768115942)
(1686187267.5, 89.8966911764706)
(1686189441.0, 89.91454545454546)
(1686191587.5, 89.86336206896553)
(1686193727.5, 89.89959349593497)
(1686195847.5, 89.88333333333334)
(1686197961.0, 89.94698275862069)
(1686200113.5, 89.89770114942529)
(1686202486.5, 89.90393700787402)
(1686205018.0, 89.9159090909091)
(1686207690.0, 89.90827067669173)
(1686210507.5, 89.98818181818181)
(1686213325.5, 89.93583333333333)
(1686216521.5, 90.01926229508197)
(1686219933.5, 89.91584507042253)
(1686241271.5, 89.88725490196079)
(1686262300.5, 89.88115384615385)
(1686264689.5, 89.891452991453)
(1686266809.5, 89.89586776859505)
(1686268928.5, 89.94496124031008)
(1686271030.0, 89.8927927927928)
(1686273265.0, 89.98038461538462)
(1686275608.0, 89.96447368421053)
(1686297286.0, 89.77926829268294)
(1686318880.5, 89.76440000000001)
(1686321003.0, 89.90736434108527)
(1686323096.5, 89.9261744966443)
(1686325290.0, 89.96968503937008)
(1686327493.5, 90.02739130434783)
(1686329593.5, 89.88892857142858)
(1686332482.5, 89.96653846153846)
(1686335470.0, 89.97660550458716)
(1686337854.5, 89.95252100840337)
(1686340393.5, 89.97047244094489)
(1686343053.5, 89.92500000000001)
(1686345872.5, 89.96844262295082)
(1686348876.5, 90.00363636363636)
(1686352070.0, 89.96259842519686)
(1686357168.0, 89.96870229007634)
(1686362711.5, 89.93125)
(1686374018.0, 89.8175925925926)
(1686384468.0, 89.92540983606558)
(1686386765.5, 89.85042372881357)
(1686388872.5, 89.90610687022901)
(1686390995.5, 89.9475806451613)
(1686393132.5, 89.96111111111111)
(1686395261.0, 89.83879310344828)
(1686397443.0, 89.97227272727272)
(1686399708.0, 89.97222222222223)
(1686402074.0, 90.00827067669172)
(1686404575.5, 89.97884615384615)
(1686407239.5, 89.95791666666666)
(1686410055.0, 90.06028037383177)
(1686413012.5, 90.06333333333333)
(1686416185.0, 90.05083333333333)
(1686431718.0, 89.83849557522124)
(1686446664.5, 89.89020618556701)
(1686448780.5, 89.99621212121212)
(1686450906.5, 89.92083333333333)
(1686453036.5, 89.94035087719298)
(1686455169.0, 89.91363636363637)
(1686457319.0, 90.08958333333332)
(1686459451.5, 90.0344)
(1686461664.5, 89.94353448275862)
(1686463985.5, 90.01694915254237)
(1686466377.5, 90.04160839160839)
(1686468862.5, 90.09067164179103)
(1686471487.5, 90.00990566037736)
(1686479287.5, 89.99754901960785)
(1686486823.0, 89.97456896551725)
(1686489381.0, 90.05)
(1686491920.5, 90.08185840707964)
(1686494064.5, 90.0490990990991)
(1686496221.0, 90.03425925925926)
(1686498415.0, 90.0042372881356)
(1686500599.5, 89.96863636363636)
(1686502809.0, 90.06239316239316)
(1686505127.0, 90.02956521739131)
(1686507559.0, 90.1563829787234)
(1686510075.0, 90.11353383458646)
(1686518483.5, 89.99757281553399)
(1686527148.0, 89.81446280991737)
(1686529749.5, 90.0491452991453)
(1686531895.5, 90.04094827586206)
(1686534042.5, 90.03015873015873)
(1686536178.5, 90.0864)
(1686538329.0, 90.07863636363636)
(1686540480.0, 90.09255319148936)
(1686542660.0, 90.04198113207546)
(1686544955.5, 90.03548387096774)
(1686547375.5, 90.0976923076923)
(1686549913.0, 90.07644628099173)
(1686552581.5, 90.04449152542372)
(1686555393.5, 90.18333333333334)
(1686558407.5, 90.10373134328357)
(1686592938.5, 90.03778625954199)
(1686626995.0, 89.8788617886179)
(1686629152.5, 89.93783783783785)
(1686631300.0, 89.94724770642202)
(1686633464.0, 89.975)
(1686635618.0, 90.04256198347107)
(1686637757.0, 89.99328358208955)
(1686639891.0, 90.01565217391304)
(1686642068.0, 90.0016806722689)
(1686644439.5, 90.02948717948718)
(1686948108.5, 89.92)
(1688062536.0, 89.5910569105691)
(1688278392.0, 89.4107476635514)
(1688300988.5, 89.54739130434783)
(1688317627.0, 89.61232394366196)
(1688322343.5, 89.64955357142857)
(1688326469.5, 89.66304347826087)
(1688330817.5, 89.63468468468469)
(1688340245.5, 89.72117117117118)
(1688388423.5, 89.80555555555557)
(1688431342.5, 89.87460317460318)
(1688434427.0, 89.76798245614036)
(1688436667.0, 89.74130434782609)
(1688443282.5, 89.70341880341881)
(1688450059.0, 89.71732283464567)
(1688452590.0, 89.81846153846155)
(1688455819.5, 89.7671875)
(1688459201.0, 89.83911290322581)
(1688462221.0, 89.78897637795276)
(1688465403.5, 89.84625000000001)
(1688468775.0, 89.90513698630137)
(1688472414.5, 89.86272727272728)
(1688483586.0, 89.91875)
(1688494029.0, 89.91363636363637)
(1688496266.0, 89.89272727272729)
(1688498412.0, 89.9288990825688)
(1688500545.0, 89.89345794392524)
(1688504498.0, 89.96652542372881)
(1688508589.0, 89.85038167938932)
(1688511011.5, 89.94724770642202)
(1688513543.5, 90.01048387096775)
(1688516246.5, 90.04008620689655)
(1688519094.0, 89.89959349593497)
(1688522133.5, 90.0490990990991)
(1688525396.5, 90.03896551724138)
(1688528878.0, 89.95384615384616)
(1688532595.0, 89.97051282051282)
(1688545359.0, 90.04901960784314)
(1688557480.0, 89.92416666666666)
(1688559770.0, 89.87946428571429)
(1688561857.5, 89.91620370370372)
(1688563993.5, 89.92610619469026)
(1688566097.5, 89.97130434782609)
(1688568178.0, 89.89752066115703)
(1688570323.0, 89.98543689320388)
(1688572558.5, 90.02327586206897)
(1688574913.0, 90.04568965517241)
(1688577449.5, 90.01779661016948)
(1688580077.5, 90.057421875)
(1688582781.0, 90.08170731707317)
(1688585635.0, 90.02649572649572)
(1688590395.5, 90.00833333333333)
(1688595454.0, 89.99871794871795)
(1688603376.0, 89.92172131147541)
(1688610626.5, 90.04333333333334)
(1688612746.0, 89.88608695652175)
(1688614833.5, 90.00247933884297)
(1688616933.0, 89.92745901639344)
(1688618992.0, 90.14703703703704)
(1688621051.0, 90.04738805970149)
(1688623149.5, 90.02374999999999)
(1688625246.0, 90.07556390977443)
(1688627354.0, 90.06829268292682)
(1688629556.0, 90.07387387387386)
(1688631872.5, 89.99703389830509)
(1688634277.5, 90.10201612903225)
(1688636799.0, 90.0485294117647)
(1688639466.5, 90.13837209302325)
(1688642266.5, 90.1113475177305)
(1688645218.5, 90.09144144144143)
(1688688864.0, 89.86904761904762)
(1688732023.5, 89.94921875)
(1688734109.0, 89.89529914529915)
(1688736182.5, 89.87567567567568)
(1688738250.0, 89.98350515463918)
(1688740303.0, 89.94891304347826)
(1688742343.0, 90.01696428571428)
(1688744427.0, 89.98349056603773)
(1688746526.5, 90.01422018348623)
(1688748631.5, 89.96587301587302)
(1688750788.0, 90.030078125)
(1688753058.5, 90.0298245614035)
(1688755494.0, 90.01346153846154)
(1688758039.5, 90.05263157894737)
(1688760655.5, 90.02333333333333)
(1688763422.0, 90.10089285714285)
(1688766558.5, 89.89036697247707)
(1688769861.0, 90.07043478260869)
(1688773156.0, 90.01695652173913)
(1688776645.0, 90.04370078740158)
(1688784637.0, 89.821875)
(1688792025.0, 89.42796610169492)
(1688794276.0, 89.44327731092437)
(1688796356.0, 89.4412037037037)
(1688798409.0, 89.58399999999999)
(1688800487.0, 89.54690265486725)
(1688802573.0, 89.5576)
(1688804644.0, 89.57521739130435)
(1688806714.0, 89.5904958677686)
(1688808844.5, 89.51938775510204)
(1688811754.0, 89.6375968992248)
(1688814753.5, 89.84908256880735)
(1688817201.5, 89.9075630252101)
(1688819996.0, 89.93849557522124)
(1688822902.5, 89.86935483870968)
(1688825750.0, 89.93571428571428)
(1688828745.5, 89.8436974789916)
(1688831900.0, 89.88293650793652)
(1688835250.0, 89.91830985915493)
(1688843045.5, 89.90863636363638)
(1688850181.5, 89.77047244094489)
(1688852296.0, 89.85405405405406)
(1688854400.5, 89.91434782608697)
(1688856517.5, 89.88787878787879)
(1688858630.0, 89.8548076923077)
(1688860743.0, 89.94075630252101)
(1688862917.0, 89.89057971014493)
(1688865190.0, 89.90044642857143)
(1688867607.0, 89.87945736434109)
(1688870096.5, 89.854296875)
(1688872656.5, 89.90198412698413)
(1688875403.0, 89.96940298507462)
(1688878321.0, 89.95666666666666)
(1688881384.5, 89.87723577235774)
(1688884607.0, 89.88347826086957)
(1688888018.0, 89.96071428571429)
(1688895079.0, 89.96771653543307)
(1688901785.0, 89.89488188976378)
(1688904247.5, 89.92960000000001)
(1688906344.5, 89.91411290322581)
(1688908413.5, 90.04460431654677)
(1688910493.0, 89.91772727272728)
(1688912586.0, 90.02666666666667)
(1688914672.5, 89.91071428571429)
(1688922752.0, 90.00432692307692)
(1688931186.0, 89.82030075187971)
(1688933638.0, 89.81850393700789)
(1688935706.0, 89.8877049180328)
(1688939563.0, 89.94310344827586)
(1688943446.0, 89.92884615384615)
(1688945533.0, 89.89579831932774)
(1688947671.0, 89.98791666666666)
(1688949897.5, 90.0334862385321)
(1688952235.5, 90.02118644067797)
(1688954714.5, 90.02016129032258)
(1688957332.0, 90.05575221238938)
(1688976089.0, 90.00882352941177)
(1688994696.0, 89.92500000000001)
(1688996959.0, 89.90135135135135)
(1688999121.0, 89.94692982456141)
(1689001282.5, 89.9985)
(1689003427.5, 89.91166666666668)
(1689005577.5, 89.99862385321101)
(1689007793.0, 90.0495652173913)
(1689010012.5, 89.91581632653062)
(1689029226.5, 89.84237288135594)
(1689058579.5, 89.72751937984496)
(1689070981.5, 89.77890625)
(1689073225.5, 89.77836879432625)
(1689075328.0, 89.91216216216216)
(1689077411.5, 89.87913043478261)
(1689079536.0, 89.92946428571429)
(1689081658.0, 89.9504347826087)
(1689083747.0, 90.04045801526718)
(1689085940.0, 89.93564814814815)
(1689088221.5, 89.9296875)
(1689090574.0, 90.0212)
(1689093061.5, 90.12377049180327)
(1689095651.5, 90.01929133858268)
(1689098366.5, 90.04454545454546)
(1689110311.0, 90.02403100775193)
(1689122043.5, 89.86024590163935)
(1689124272.5, 89.92500000000001)
(1689145599.5, 89.90081967213115)
(1689167145.0, 89.81756756756758)
(1689169453.5, 89.83378378378379)
(1689171546.0, 89.81949152542374)
(1689178918.0, 89.71428571428572)
(1689186487.5, 89.6719512195122)
(1689188834.0, 89.82651515151517)
(1689190951.0, 89.77117117117118)
(1689192993.5, 89.89166666666667)
(1689195052.0, 89.91268115942029)
(1689197169.5, 89.92773109243699)
(1689199311.0, 89.95)
(1689201460.5, 89.87025862068967)
(1689203667.0, 89.97933884297521)
(1689205973.0, 89.92131147540984)
(1689208358.5, 89.93416666666667)
(1689210774.5, 89.96428571428572)
(1689213356.0, 89.91507936507936)
(1689216120.0, 89.91171171171172)
(1689219010.5, 89.93714285714286)
(1689222068.0, 90.00235849056604)
(1689225266.0, 89.98086956521739)
(1689228670.0, 89.99957627118644)
(1689232337.0, 89.98516949152543)
(1689236228.5, 90.0235294117647)
(1689240369.5, 90.00189393939394)
(1689244864.5, 89.91555555555556)
(1689249771.5, 90.04703703703703)
(1689317907.0, 89.86367924528302)
(1689390989.5, 89.59566929133858)
(1689399755.5, 89.76960000000001)
(1689402094.0, 89.75384615384615)
(1689404223.0, 89.83048780487806)
(1689406361.0, 89.68531746031746)
(1689425897.5, 89.72948717948718)
(1689445438.0, 89.81106194690267)
(1689447574.5, 89.79057377049182)
(1689449666.5, 89.86574803149607)
(1689451769.5, 89.93396946564886)
(1689453874.0, 89.95751879699249)
(1689455966.0, 89.89245283018869)
(1689458051.5, 89.92596153846154)
(1689460119.0, 89.80476190476192)
(1689462254.0, 89.95046296296296)
(1689464470.5, 89.93171641791045)
(1689466765.5, 89.89619047619048)
(1689469161.5, 90.0391304347826)
(1689471674.5, 90.02290076335878)
(1689474355.5, 90.01398305084746)
(1689477783.5, 89.98632478632479)
(1689481328.0, 90.00227272727273)
(1689489838.0, 90.0508547008547)
(1689497922.5, 89.90745614035089)
(1689500058.0, 89.92033898305085)
(1689502156.0, 89.93842975206611)
(1689504272.0, 90.03495575221238)
(1689506385.5, 89.95038167938931)
(1689508472.0, 90.04612403100775)
(1689510576.5, 90.01495726495726)
(1689512692.0, 90.0030701754386)
(1689514807.0, 90.05135135135134)
(1689516955.5, 90.08467741935483)
(1689519185.5, 90.09875)
(1689521506.5, 90.11166666666666)
(1689524121.0, 90.1)
(1689526977.5, 90.05604838709677)
(1689529837.5, 90.07162162162162)
(1689532828.0, 89.96286764705883)
(1689535915.0, 90.08813559322033)
(1689542930.5, 89.88827160493828)
