
Processing plotDataHistsDPG.C("/afs/cern.ch/work/w/wangjin/scratch2/ecal/2019/monitor/CMSSW_9_4_9/src/ecalDPG_Plots/options/ul2016/histDataOptions_mee_in_EE_LowR9_2016.txt")...
		Options parsed from file /afs/cern.ch/work/w/wangjin/scratch2/ecal/2019/monitor/CMSSW_9_4_9/src/ecalDPG_Plots/options/ul2016/histDataOptions_mee_in_EE_LowR9_2016.txt... 
		writeDir	=	/afs/cern.ch/work/w/wangjin/scratch2/ecal/2019/monitor/CMSSW_9_4_9/src/ecalDPG_Plots/plots/mee/ul2016_all/
		cmsYear	=	2016
		histName	=	mee_in_EE_LowR9_2016
		histYtitle	=	a.u.
		fitNsigmaR	=	1.
		fitNsigmaL	=	0.2
		np	=	1000.
		sc	=	10.
		integralScale	=	1.
		fitXmin	=	87.
		fitXmax	=	94.
		scaleSign	=	1.
		FFTn	=	50000
		data0	=	/afs/cern.ch/work/w/wangjin/scratch2/ecal/2019/monitor/CMSSW_9_4_9/src/ecalDPG_Plots/data/pre2016_all.root
		data0Legend	=	Initial
		data0Color	=	#990000
		data0Marker	=	21
		data1	=	/afs/cern.ch/work/w/wangjin/scratch2/ecal/2019/monitor/CMSSW_9_4_9/src/ecalDPG_Plots/data/ul2016_all.root
		data1Legend	=	Refined
		data1Color	=	#238b45
		data1Marker	=	20
		errorFillStyle	=	3005
		scale	=	100.
		legendX1	=	0.11
		legendX2	=	0.4
		legendY1	=	0.8
		legendY2	=	0.97
		legendNcols	=	1
		legendTextSize	=	0.04
		categoryTextSize	=	0.045
		categoryX	=	0.6
		categoryY	=	0.95
		lineWidth	=	2.
		markerSize	=	2.5
		statPrecision	=	1
		xMin	=	78.
		xMax	=	104.
		yMin	=	0.0001
		yMax	=	9.1
		canvasW	=	1800.
		canvasH	=	1600.
		pad2x1	=	0.
		pad2y1	=	0.
		pad2x2	=	1.
		pad2y2	=	0.945
		pad2axislabelsize	=	0.05
		pad2axisTitleSize	=	0.06
		pad2xtitleoffset	=	0.8
		pad2ytitleoffset	=	0.5
		pad2yMaxDigits	=	3
		pad2marginL	=	0.09
		pad2marginR	=	0.005
		pad2marginB	=	0.14
		pad2marginT	=	0.01
		nDivsPad2X	=	510
		nDivsPad2Y	=	510
		titleSize	=	0.05
		infoYearX	=	0.09
		infoRunX	=	0.838
		yearY	=	0.988
		runY	=	0.992
	Options parsed!
[772] Created directory: /afs/cern.ch/work/w/wangjin/scratch2/ecal/2019/monitor/CMSSW_9_4_9/src/ecalDPG_Plots/plots/mee/ul2016_all/
Plotting mee_in_EE_LowR9_2016
Modify preliminary histname from mee_in_EE_LowR9_2016 to mee_in_EE_LowR9
		Loading histogram mee_in_EE_LowR9 from file /afs/cern.ch/work/w/wangjin/scratch2/ecal/2019/monitor/CMSSW_9_4_9/src/ecalDPG_Plots/data/pre2016_all.root
			Success!
/////////////////////////////////////////////Floating Z width////////////////////////////////////////////////////////
/////////////////////////////////////////////Approximated width////////////////////////////////////////////////////////
fV 8
fG is 6.56414
fabrice approx : 3.12766 %
/////////////////////////////////////////////Fixed Z width////////////////////////////////////////////////////////
 FCN=0.00045227 FROM MINOS     STATUS=PROBLEMS      428 CALLS        2309 TOTAL
                     EDM=2.14922e-07    STRATEGY= 1      ERROR MATRIX ACCURATE 
  EXT PARAMETER                                   STEP         FIRST   
  NO.   NAME      VALUE            ERROR          SIZE      DERIVATIVE 
   1  BW mean      8.97733e+01   1.75412e+00  -2.88423e-03  -1.36046e-04
   2  Gauss Width   2.87959e+00   2.07106e+00   5.30485e-03  -9.64516e-05
   3  Integral     4.78108e+01   2.24238e+01   2.24238e+01  -6.15312e-05
                               ERR DEF= 0.5
Preliminary 2016 mee_in_EE_LowR9_2016 mean is 89.7733
Preliminary 2016 mee_in_EE_LowR9_2016 sigma60 is 2.87959

		Loading histogram mee_in_EE_LowR9_2016 from file /afs/cern.ch/work/w/wangjin/scratch2/ecal/2019/monitor/CMSSW_9_4_9/src/ecalDPG_Plots/data/ul2016_all.root
			Success!
/////////////////////////////////////////////Floating Z width////////////////////////////////////////////////////////
/////////////////////////////////////////////Approximated width////////////////////////////////////////////////////////
fV 7.5
fG is 6.05573
fabrice approx : 2.86816 %
/////////////////////////////////////////////Fixed Z width////////////////////////////////////////////////////////
 FCN=0.00023133 FROM MINOS     STATUS=PROBLEMS      417 CALLS        2371 TOTAL
                     EDM=6.841e-08    STRATEGY= 1      ERROR MATRIX ACCURATE 
  EXT PARAMETER                                   STEP         FIRST   
  NO.   NAME      VALUE            ERROR          SIZE      DERIVATIVE 
   1  BW mean      9.02755e+01   1.56481e+00  -2.20975e-03  -3.05130e-05
   2  Gauss Width   2.70585e+00   1.79790e+00   3.86966e-03  -3.05575e-05
   3  Integral     4.76126e+01   2.00388e+01   2.00388e+01   8.33190e-05
                               ERR DEF= 0.5
Ultra Legacy 2016 mee_in_EE_LowR9_2016 mean is 90.2755
Ultra Legacy 2016 mee_in_EE_LowR9_2016 sigma60 is 2.70585

