
Processing plotDataHistsDPG.C("/afs/cern.ch/work/w/wangjin/scratch2/ecal/2019/monitor/CMSSW_9_4_9/src/ecalDPG_Plots/options/ul2016/histDataOptions_mee_in_EE_HighR9_2016.txt")...
		Options parsed from file /afs/cern.ch/work/w/wangjin/scratch2/ecal/2019/monitor/CMSSW_9_4_9/src/ecalDPG_Plots/options/ul2016/histDataOptions_mee_in_EE_HighR9_2016.txt... 
		writeDir	=	/afs/cern.ch/work/w/wangjin/scratch2/ecal/2019/monitor/CMSSW_9_4_9/src/ecalDPG_Plots/plots/mee/ul2016_all/
		cmsYear	=	2016
		histName	=	mee_in_EE_HighR9_2016
		histYtitle	=	a.u.
		fitNsigmaR	=	1.
		fitNsigmaL	=	0.2
		np	=	1000.
		sc	=	10.
		integralScale	=	1.
		fitXmin	=	87.
		fitXmax	=	94.
		scaleSign	=	1.
		FFTn	=	50000
		data0	=	/afs/cern.ch/work/w/wangjin/scratch2/ecal/2019/monitor/CMSSW_9_4_9/src/ecalDPG_Plots/data/pre2016_all.root
		data0Legend	=	Initial
		data0Color	=	#990000
		data0Marker	=	21
		data1	=	/afs/cern.ch/work/w/wangjin/scratch2/ecal/2019/monitor/CMSSW_9_4_9/src/ecalDPG_Plots/data/ul2016_all.root
		data1Legend	=	Refined
		data1Color	=	#238b45
		data1Marker	=	20
		errorFillStyle	=	3005
		scale	=	100.
		legendX1	=	0.11
		legendX2	=	0.4
		legendY1	=	0.8
		legendY2	=	0.97
		legendNcols	=	1
		legendTextSize	=	0.04
		categoryTextSize	=	0.045
		categoryX	=	0.6
		categoryY	=	0.95
		lineWidth	=	2.
		markerSize	=	2.5
		statPrecision	=	1
		xMin	=	78.
		xMax	=	104.
		yMin	=	0.0001
		yMax	=	9.1
		canvasW	=	1800.
		canvasH	=	1600.
		pad2x1	=	0.
		pad2y1	=	0.
		pad2x2	=	1.
		pad2y2	=	0.945
		pad2axislabelsize	=	0.05
		pad2axisTitleSize	=	0.06
		pad2xtitleoffset	=	0.8
		pad2ytitleoffset	=	0.5
		pad2yMaxDigits	=	3
		pad2marginL	=	0.09
		pad2marginR	=	0.005
		pad2marginB	=	0.14
		pad2marginT	=	0.01
		nDivsPad2X	=	510
		nDivsPad2Y	=	510
		titleSize	=	0.05
		infoYearX	=	0.09
		infoRunX	=	0.838
		yearY	=	0.988
		runY	=	0.992
	Options parsed!
[772] Created directory: /afs/cern.ch/work/w/wangjin/scratch2/ecal/2019/monitor/CMSSW_9_4_9/src/ecalDPG_Plots/plots/mee/ul2016_all/
Plotting mee_in_EE_HighR9_2016
Modify preliminary histname from mee_in_EE_HighR9_2016 to mee_in_EE_HighR9
		Loading histogram mee_in_EE_HighR9 from file /afs/cern.ch/work/w/wangjin/scratch2/ecal/2019/monitor/CMSSW_9_4_9/src/ecalDPG_Plots/data/pre2016_all.root
			Success!
/////////////////////////////////////////////Floating Z width////////////////////////////////////////////////////////
/////////////////////////////////////////////Approximated width////////////////////////////////////////////////////////
fV 7
fG is 5.54579
fabrice approx : 2.606 %
/////////////////////////////////////////////Fixed Z width////////////////////////////////////////////////////////
 FCN=0.00335915 FROM MINOS     STATUS=PROBLEMS      417 CALLS        1991 TOTAL
                     EDM=7.74224e-10    STRATEGY= 1      ERROR MATRIX ACCURATE 
  EXT PARAMETER                                   STEP         FIRST   
  NO.   NAME      VALUE            ERROR          SIZE      DERIVATIVE 
   1  BW mean      9.08098e+01   1.75498e+00  -3.23424e-03  -3.61816e-04
   2  Gauss Width   2.44096e+00   1.74062e+00   4.70700e-03  -2.73208e-04
   3  Integral     4.84009e+01   2.30961e+01   2.30961e+01   7.57567e-05
                               ERR DEF= 0.5
Preliminary 2016 mee_in_EE_HighR9_2016 mean is 90.8098
Preliminary 2016 mee_in_EE_HighR9_2016 sigma60 is 2.44096

		Loading histogram mee_in_EE_HighR9_2016 from file /afs/cern.ch/work/w/wangjin/scratch2/ecal/2019/monitor/CMSSW_9_4_9/src/ecalDPG_Plots/data/ul2016_all.root
			Success!
/////////////////////////////////////////////Floating Z width////////////////////////////////////////////////////////
/////////////////////////////////////////////Approximated width////////////////////////////////////////////////////////
fV 6
fG is 4.51925
fabrice approx : 2.12451 %
/////////////////////////////////////////////Fixed Z width////////////////////////////////////////////////////////
 FCN=0.0037458 FROM MINOS     STATUS=SUCCESSFUL    204 CALLS         769 TOTAL
                     EDM=1.34396e-09    STRATEGY= 1      ERROR MATRIX ACCURATE 
  EXT PARAMETER                                   STEP         FIRST   
  NO.   NAME      VALUE            ERROR          SIZE      DERIVATIVE 
   1  BW mean      9.09462e+01   1.07647e+00  -1.11689e-03  -1.29665e-04
   2  Gauss Width   1.89659e+00   1.08032e+00   1.44563e-03   8.51263e-05
   3  Integral     4.76150e+01   1.51405e+01   1.51405e+01  -4.25702e-05
                               ERR DEF= 0.5
Ultra Legacy 2016 mee_in_EE_HighR9_2016 mean is 90.9462
Ultra Legacy 2016 mee_in_EE_HighR9_2016 sigma60 is 1.89659

