
Processing plotDataHistsDPG.C("/afs/cern.ch/work/w/wangjin/scratch2/ecal/2019/monitor/CMSSW_9_4_9/src/ecalDPG_Plots/options/ul2016/histDataOptions_mee_in_EB.txt")...
		Options parsed from file /afs/cern.ch/work/w/wangjin/scratch2/ecal/2019/monitor/CMSSW_9_4_9/src/ecalDPG_Plots/options/ul2016/histDataOptions_mee_in_EB.txt... 
		writeDir	=	/afs/cern.ch/work/w/wangjin/scratch2/ecal/2019/monitor/CMSSW_9_4_9/src/ecalDPG_Plots/plots/mee/ul2016_all/
		cmsYear	=	2016
		histName	=	mee_in_EB
		histYtitle	=	a.u.
		fitNsigmaR	=	1.
		fitNsigmaL	=	0.2
		np	=	1000.
		sc	=	10.
		integralScale	=	1.
		fitXmin	=	87.
		fitXmax	=	94.
		scaleSign	=	1.
		FFTn	=	50000
		data0	=	/afs/cern.ch/work/w/wangjin/scratch2/ecal/2019/monitor/CMSSW_9_4_9/src/ecalDPG_Plots/data/pre2016_all.root
		data0Legend	=	Initial
		data0Color	=	#990000
		data0Marker	=	21
		data1	=	/afs/cern.ch/work/w/wangjin/scratch2/ecal/2019/monitor/CMSSW_9_4_9/src/ecalDPG_Plots/data/ul2016_all.root
		data1Legend	=	Refined
		data1Color	=	#238b45
		data1Marker	=	20
		errorFillStyle	=	3005
		scale	=	100.
		legendX1	=	0.11
		legendX2	=	0.4
		legendY1	=	0.8
		legendY2	=	0.97
		legendNcols	=	1
		legendTextSize	=	0.04
		categoryTextSize	=	0.045
		categoryX	=	0.6
		categoryY	=	0.95
		lineWidth	=	2.
		markerSize	=	2.5
		statPrecision	=	1
		xMin	=	78.
		xMax	=	104.
		yMin	=	0.0001
		yMax	=	9.1
		canvasW	=	1800.
		canvasH	=	1600.
		pad2x1	=	0.
		pad2y1	=	0.
		pad2x2	=	1.
		pad2y2	=	0.945
		pad2axislabelsize	=	0.05
		pad2axisTitleSize	=	0.06
		pad2xtitleoffset	=	0.8
		pad2ytitleoffset	=	0.5
		pad2yMaxDigits	=	3
		pad2marginL	=	0.09
		pad2marginR	=	0.005
		pad2marginB	=	0.14
		pad2marginT	=	0.01
		nDivsPad2X	=	510
		nDivsPad2Y	=	510
		titleSize	=	0.05
		infoYearX	=	0.09
		infoRunX	=	0.838
		yearY	=	0.988
		runY	=	0.992
	Options parsed!
[772] Created directory: /afs/cern.ch/work/w/wangjin/scratch2/ecal/2019/monitor/CMSSW_9_4_9/src/ecalDPG_Plots/plots/mee/ul2016_all/
Plotting mee_in_EB
		Loading histogram mee_in_EB from file /afs/cern.ch/work/w/wangjin/scratch2/ecal/2019/monitor/CMSSW_9_4_9/src/ecalDPG_Plots/data/pre2016_all.root
			Success!
/////////////////////////////////////////////Floating Z width////////////////////////////////////////////////////////
/////////////////////////////////////////////Approximated width////////////////////////////////////////////////////////
fV 4.5
fG is 2.94541
fabrice approx : 1.39132 %
/////////////////////////////////////////////Fixed Z width////////////////////////////////////////////////////////
 FCN=0.00329625 FROM MINOS     STATUS=SUCCESSFUL    139 CALLS         562 TOTAL
                     EDM=2.46813e-07    STRATEGY= 1      ERROR MATRIX ACCURATE 
  EXT PARAMETER                                   STEP         FIRST   
  NO.   NAME      VALUE            ERROR          SIZE      DERIVATIVE 
   1  BW mean      9.06196e+01   6.79510e-01   2.25154e-03   3.33778e-04
   2  Gauss Width   1.48401e+00   7.63333e-01  -3.66840e-03  -1.65596e-04
   3  Integral     4.63197e+01   1.03535e+01   1.03535e+01  -1.65968e-06
                               ERR DEF= 0.5
Preliminary 2016 mee_in_EB mean is 90.6196
Preliminary 2016 mee_in_EB sigma60 is 1.48401

		Loading histogram mee_in_EB from file /afs/cern.ch/work/w/wangjin/scratch2/ecal/2019/monitor/CMSSW_9_4_9/src/ecalDPG_Plots/data/ul2016_all.root
			Success!
/////////////////////////////////////////////Floating Z width////////////////////////////////////////////////////////
/////////////////////////////////////////////Approximated width////////////////////////////////////////////////////////
fV 5
fG is 3.47728
fabrice approx : 1.64649 %
/////////////////////////////////////////////Fixed Z width////////////////////////////////////////////////////////
 FCN=0.00696443 FROM MINOS     STATUS=SUCCESSFUL    111 CALLS         473 TOTAL
                     EDM=2.0608e-07    STRATEGY= 1      ERROR MATRIX ACCURATE 
  EXT PARAMETER                                   STEP         FIRST   
  NO.   NAME      VALUE            ERROR          SIZE      DERIVATIVE 
   1  BW mean      9.05642e+01   5.05088e-01   2.34777e-03   1.54169e-04
   2  Gauss Width   1.44781e+00   6.62115e-01  -4.56437e-03  -8.52163e-05
   3  Integral     4.55279e+01   8.07375e+00   8.07375e+00   4.75861e-05
                               ERR DEF= 0.5
Ultra Legacy 2016 mee_in_EB mean is 90.5642
Ultra Legacy 2016 mee_in_EB sigma60 is 1.44781

